[2026-06-04T04:55:36.457599] [RADR_NEXUS] [SYS_BOOT] BIOS/Boot Telemetry Initialization Started
[2026-06-04T04:55:36.457701] [RADR_NEXUS] [INFO] Scanning primary USB buses for connected organs/devices...
[2026-06-04T04:55:36.466757] [RADR_NEXUS] [INFO] Detected Node: Bus 001 Device 001: ID 1d6b:0002 Linux Foundation 2.0 root hub
[2026-06-04T04:55:36.466814] [RADR_NEXUS] [INFO] Detected Node: Bus 001 Device 002: ID 1532:0090 Razer USA, Ltd Razer Naga Pro
[2026-06-04T04:55:36.466839] [RADR_NEXUS] [INFO] Detected Node: Bus 001 Device 003: ID 0bda:58c7 Realtek Semiconductor Corp. Integrated_Webcam_HD
[2026-06-04T04:55:36.466858] [RADR_NEXUS] [INFO] Detected Node: Bus 001 Device 004: ID 8087:0a2b Intel Corp. Bluetooth wireless interface
[2026-06-04T04:55:36.466875] [RADR_NEXUS] [INFO] Detected Node: Bus 001 Device 005: ID 0a5c:5832 Broadcom Corp. BCM5880 Secure Applications Processor Smartcard reader
[2026-06-04T04:55:36.466891] [RADR_NEXUS] [INFO] Detected Node: Bus 002 Device 001: ID 1d6b:0003 Linux Foundation 3.0 root hub
[2026-06-04T04:55:36.466910] [RADR_NEXUS] [INFO] Verifying dataflow parameters and driver hooks...
[2026-06-04T04:55:36.475094] [RADR_NEXUS] [WARN] Potential dataflow interruption detected in recent kernel logs.
[2026-06-04T04:55:36.475174] [RADR_NEXUS] [INFO] Telemetry Nexus Scan Complete. Monitoring active.
[2026-06-04T05:55:52.342097] [RADR_NEXUS] [SYS_BOOT] BIOS/Boot Telemetry Initialization Started
[2026-06-04T05:55:52.344869] [RADR_NEXUS] [INFO] Scanning primary USB buses for connected organs/devices...
[2026-06-04T05:55:52.451225] [RADR_NEXUS] [INFO] Detected Node: Bus 001 Device 001: ID 1d6b:0002 Linux Foundation 2.0 root hub
[2026-06-04T05:55:52.451317] [RADR_NEXUS] [INFO] Detected Node: Bus 001 Device 002: ID 1532:008f Razer USA, Ltd Razer Naga Pro
[2026-06-04T05:55:52.451353] [RADR_NEXUS] [INFO] Detected Node: Bus 001 Device 003: ID 1532:0090 Razer USA, Ltd Razer Naga Pro
[2026-06-04T05:55:52.451379] [RADR_NEXUS] [INFO] Detected Node: Bus 001 Device 004: ID 0bda:58c7 Realtek Semiconductor Corp. Integrated_Webcam_HD
[2026-06-04T05:55:52.451404] [RADR_NEXUS] [INFO] Detected Node: Bus 001 Device 005: ID 8087:0a2b Intel Corp. Bluetooth wireless interface
[2026-06-04T05:55:52.451428] [RADR_NEXUS] [INFO] Detected Node: Bus 001 Device 006: ID 0a5c:5832 Broadcom Corp. BCM5880 Secure Applications Processor Smartcard reader
[2026-06-04T05:55:52.451452] [RADR_NEXUS] [INFO] Detected Node: Bus 002 Device 001: ID 1d6b:0003 Linux Foundation 3.0 root hub
[2026-06-04T05:55:52.451489] [RADR_NEXUS] [INFO] Verifying dataflow parameters and driver hooks...
[2026-06-04T05:55:52.484875] [RADR_NEXUS] [WARN] Potential dataflow interruption detected in recent kernel logs.
[2026-06-04T05:55:52.484970] [RADR_NEXUS] [INFO] Telemetry Nexus Scan Complete. Monitoring active.
[2026-06-04T12:57:13.685015] [RADR_NEXUS] [SYS_BOOT] BIOS/Boot Telemetry Initialization Started
[2026-06-04T12:57:13.687664] [RADR_NEXUS] [INFO] Scanning primary USB buses for connected organs/devices...
[2026-06-04T12:57:13.754436] [RADR_NEXUS] [INFO] Detected Node: Bus 001 Device 001: ID 1d6b:0002 Linux Foundation 2.0 root hub
[2026-06-04T12:57:13.754528] [RADR_NEXUS] [INFO] Detected Node: Bus 001 Device 002: ID 1532:008f Razer USA, Ltd Razer Naga Pro
[2026-06-04T12:57:13.754569] [RADR_NEXUS] [INFO] Detected Node: Bus 001 Device 003: ID 1532:0090 Razer USA, Ltd Razer Naga Pro
[2026-06-04T12:57:13.754606] [RADR_NEXUS] [INFO] Detected Node: Bus 001 Device 004: ID 0bda:58c7 Realtek Semiconductor Corp. Integrated_Webcam_HD
[2026-06-04T12:57:13.754640] [RADR_NEXUS] [INFO] Detected Node: Bus 001 Device 005: ID 8087:0a2b Intel Corp. Bluetooth wireless interface
[2026-06-04T12:57:13.754690] [RADR_NEXUS] [INFO] Detected Node: Bus 001 Device 006: ID 0a5c:5832 Broadcom Corp. BCM5880 Secure Applications Processor Smartcard reader
[2026-06-04T12:57:13.754725] [RADR_NEXUS] [INFO] Detected Node: Bus 002 Device 001: ID 1d6b:0003 Linux Foundation 3.0 root hub
[2026-06-04T12:57:13.754762] [RADR_NEXUS] [INFO] Verifying dataflow parameters and driver hooks...
[2026-06-04T12:57:13.788779] [RADR_NEXUS] [INFO] Telemetry Nexus Scan Complete. Monitoring active.
[2026-06-05T19:40:01.380794] [RADR_NEXUS] [SYS_BOOT] BIOS/Boot Telemetry Initialization Started
[2026-06-05T19:40:01.390578] [RADR_NEXUS] [INFO] Scanning primary USB buses for connected organs/devices...
[2026-06-05T19:40:01.407430] [RADR_NEXUS] [INFO] Detected Node: Bus 001 Device 001: ID 1d6b:0002 Linux Foundation 2.0 root hub
[2026-06-05T19:40:01.407524] [RADR_NEXUS] [INFO] Detected Node: Bus 001 Device 002: ID 1532:0090 Razer USA, Ltd Razer Naga Pro
[2026-06-05T19:40:01.407565] [RADR_NEXUS] [INFO] Detected Node: Bus 001 Device 003: ID 0bda:58c7 Realtek Semiconductor Corp. Integrated_Webcam_HD
[2026-06-05T19:40:01.407603] [RADR_NEXUS] [INFO] Detected Node: Bus 001 Device 004: ID 8087:0a2b Intel Corp. Bluetooth wireless interface
[2026-06-05T19:40:01.407651] [RADR_NEXUS] [INFO] Detected Node: Bus 001 Device 005: ID 0a5c:5832 Broadcom Corp. BCM5880 Secure Applications Processor Smartcard reader
[2026-06-05T19:40:01.407690] [RADR_NEXUS] [INFO] Detected Node: Bus 002 Device 001: ID 1d6b:0003 Linux Foundation 3.0 root hub
[2026-06-05T19:40:01.407729] [RADR_NEXUS] [INFO] Verifying dataflow parameters and driver hooks...
[2026-06-05T19:40:01.508883] [RADR_NEXUS] [INFO] Telemetry Nexus Scan Complete. Monitoring active.
[2026-06-06T13:44:17.831143] [RADR_NEXUS] [SYS_BOOT] BIOS/Boot Telemetry Initialization Started
[2026-06-06T13:44:17.841154] [RADR_NEXUS] [INFO] Scanning primary USB buses for connected organs/devices...
[2026-06-06T13:44:17.871585] [RADR_NEXUS] [INFO] Detected Node: Bus 001 Device 001: ID 1d6b:0002 Linux Foundation 2.0 root hub
[2026-06-06T13:44:17.871659] [RADR_NEXUS] [INFO] Detected Node: Bus 001 Device 002: ID 1532:008f Razer USA, Ltd Razer Naga Pro
[2026-06-06T13:44:17.871691] [RADR_NEXUS] [INFO] Detected Node: Bus 001 Device 003: ID 1532:0090 Razer USA, Ltd Razer Naga Pro
[2026-06-06T13:44:17.871718] [RADR_NEXUS] [INFO] Detected Node: Bus 001 Device 004: ID 0bda:58c7 Realtek Semiconductor Corp. Integrated_Webcam_HD
[2026-06-06T13:44:17.871745] [RADR_NEXUS] [INFO] Detected Node: Bus 001 Device 005: ID 8087:0a2b Intel Corp. Bluetooth wireless interface
[2026-06-06T13:44:17.871947] [RADR_NEXUS] [INFO] Detected Node: Bus 001 Device 006: ID 0a5c:5832 Broadcom Corp. BCM5880 Secure Applications Processor Smartcard reader
[2026-06-06T13:44:17.871980] [RADR_NEXUS] [INFO] Detected Node: Bus 002 Device 001: ID 1d6b:0003 Linux Foundation 3.0 root hub
[2026-06-06T13:44:17.872009] [RADR_NEXUS] [INFO] Verifying dataflow parameters and driver hooks...
[2026-06-06T13:44:17.923939] [RADR_NEXUS] [INFO] Telemetry Nexus Scan Complete. Monitoring active.
[2026-06-06T22:07:13.812704] [RADR_NEXUS] [SYS_BOOT] BIOS/Boot Telemetry Initialization Started
[2026-06-06T22:07:13.817488] [RADR_NEXUS] [INFO] Scanning primary USB buses for connected organs/devices...
[2026-06-06T22:07:13.853903] [RADR_NEXUS] [INFO] Detected Node: Bus 001 Device 001: ID 1d6b:0002 Linux Foundation 2.0 root hub
[2026-06-06T22:07:13.853985] [RADR_NEXUS] [INFO] Detected Node: Bus 001 Device 002: ID 1532:0090 Razer USA, Ltd Razer Naga Pro
[2026-06-06T22:07:13.854026] [RADR_NEXUS] [INFO] Detected Node: Bus 001 Device 003: ID 0bda:58c7 Realtek Semiconductor Corp. Integrated_Webcam_HD
[2026-06-06T22:07:13.854063] [RADR_NEXUS] [INFO] Detected Node: Bus 001 Device 004: ID 8087:0a2b Intel Corp. Bluetooth wireless interface
[2026-06-06T22:07:13.854098] [RADR_NEXUS] [INFO] Detected Node: Bus 001 Device 005: ID 0a5c:5832 Broadcom Corp. BCM5880 Secure Applications Processor Smartcard reader
[2026-06-06T22:07:13.854131] [RADR_NEXUS] [INFO] Detected Node: Bus 002 Device 001: ID 1d6b:0003 Linux Foundation 3.0 root hub
[2026-06-06T22:07:13.854166] [RADR_NEXUS] [INFO] Verifying dataflow parameters and driver hooks...
[2026-06-06T22:07:13.900567] [RADR_NEXUS] [INFO] Telemetry Nexus Scan Complete. Monitoring active.
[2026-06-07T06:15:25.677173] [RADR_NEXUS] [SYS_BOOT] BIOS/Boot Telemetry Initialization Started
[2026-06-07T06:15:25.681541] [RADR_NEXUS] [INFO] Scanning primary USB buses for connected organs/devices...
[2026-06-07T06:15:25.697059] [RADR_NEXUS] [INFO] Detected Node: Bus 001 Device 001: ID 1d6b:0002 Linux Foundation 2.0 root hub
[2026-06-07T06:15:25.697137] [RADR_NEXUS] [INFO] Detected Node: Bus 001 Device 002: ID 1532:0090 Razer USA, Ltd Razer Naga Pro
[2026-06-07T06:15:25.697174] [RADR_NEXUS] [INFO] Detected Node: Bus 001 Device 003: ID 0bda:58c7 Realtek Semiconductor Corp. Integrated_Webcam_HD
[2026-06-07T06:15:25.697206] [RADR_NEXUS] [INFO] Detected Node: Bus 001 Device 004: ID 8087:0a2b Intel Corp. Bluetooth wireless interface
[2026-06-07T06:15:25.697236] [RADR_NEXUS] [INFO] Detected Node: Bus 001 Device 005: ID 0a5c:5832 Broadcom Corp. BCM5880 Secure Applications Processor Smartcard reader
[2026-06-07T06:15:25.697278] [RADR_NEXUS] [INFO] Detected Node: Bus 002 Device 001: ID 1d6b:0003 Linux Foundation 3.0 root hub
[2026-06-07T06:15:25.697316] [RADR_NEXUS] [INFO] Verifying dataflow parameters and driver hooks...
[2026-06-07T06:15:25.719425] [RADR_NEXUS] [WARN] Potential dataflow interruption detected in recent kernel logs.
[2026-06-07T06:15:25.719511] [RADR_NEXUS] [INFO] Telemetry Nexus Scan Complete. Monitoring active.
[2026-06-07T06:25:13.868632] [RADR_NEXUS] [SYS_BOOT] BIOS/Boot Telemetry Initialization Started
[2026-06-07T06:25:13.868746] [RADR_NEXUS] [INFO] Scanning primary USB buses for connected organs/devices...
[2026-06-07T06:25:13.881791] [RADR_NEXUS] [INFO] Detected Node: Bus 001 Device 001: ID 1d6b:0002 Linux Foundation 2.0 root hub
[2026-06-07T06:25:13.881885] [RADR_NEXUS] [INFO] Detected Node: Bus 001 Device 002: ID 1532:0090 Razer USA, Ltd Razer Naga Pro
[2026-06-07T06:25:13.881929] [RADR_NEXUS] [INFO] Detected Node: Bus 001 Device 003: ID 0bda:58c7 Realtek Semiconductor Corp. Integrated_Webcam_HD
[2026-06-07T06:25:13.881965] [RADR_NEXUS] [INFO] Detected Node: Bus 001 Device 004: ID 8087:0a2b Intel Corp. Bluetooth wireless interface
[2026-06-07T06:25:13.881996] [RADR_NEXUS] [INFO] Detected Node: Bus 001 Device 005: ID 0a5c:5832 Broadcom Corp. BCM5880 Secure Applications Processor Smartcard reader
[2026-06-07T06:25:13.882032] [RADR_NEXUS] [INFO] Detected Node: Bus 002 Device 001: ID 1d6b:0003 Linux Foundation 3.0 root hub
[2026-06-07T06:25:13.882065] [RADR_NEXUS] [INFO] Verifying dataflow parameters and driver hooks...
[2026-06-07T06:25:13.886421] [RADR_NEXUS] [INFO] Telemetry Nexus Scan Complete. Monitoring active.
[2026-06-07T06:25:27.067317] [RADR_NEXUS] [SYS_BOOT] BIOS/Boot Telemetry Initialization Started
[2026-06-07T06:25:27.067427] [RADR_NEXUS] [INFO] Scanning primary USB buses for connected organs/devices...
[2026-06-07T06:25:27.077586] [RADR_NEXUS] [INFO] Detected Node: Bus 001 Device 001: ID 1d6b:0002 Linux Foundation 2.0 root hub
[2026-06-07T06:25:27.077688] [RADR_NEXUS] [INFO] Detected Node: Bus 001 Device 002: ID 1532:0090 Razer USA, Ltd Razer Naga Pro
[2026-06-07T06:25:27.077738] [RADR_NEXUS] [INFO] Detected Node: Bus 001 Device 003: ID 0bda:58c7 Realtek Semiconductor Corp. Integrated_Webcam_HD
[2026-06-07T06:25:27.077783] [RADR_NEXUS] [INFO] Detected Node: Bus 001 Device 004: ID 8087:0a2b Intel Corp. Bluetooth wireless interface
[2026-06-07T06:25:27.077824] [RADR_NEXUS] [INFO] Detected Node: Bus 001 Device 005: ID 0a5c:5832 Broadcom Corp. BCM5880 Secure Applications Processor Smartcard reader
[2026-06-07T06:25:27.077869] [RADR_NEXUS] [INFO] Detected Node: Bus 002 Device 001: ID 1d6b:0003 Linux Foundation 3.0 root hub
[2026-06-07T06:25:27.077914] [RADR_NEXUS] [INFO] Verifying dataflow parameters and driver hooks...
[2026-06-07T06:25:27.113119] [RADR_NEXUS] [WARN] Potential dataflow interruption detected in recent kernel logs.
[2026-06-07T06:25:27.113198] [RADR_NEXUS] [INFO] Telemetry Nexus Scan Complete. Monitoring active.
[2026-06-07T06:42:43.698725] [RADR_NEXUS] [SYS_BOOT] BIOS/Boot Telemetry Initialization Started
[2026-06-07T06:42:43.698825] [RADR_NEXUS] [INFO] Scanning primary USB buses for connected organs/devices...
[2026-06-07T06:42:43.710567] [RADR_NEXUS] [INFO] Detected Node: Bus 001 Device 001: ID 1d6b:0002 Linux Foundation 2.0 root hub
[2026-06-07T06:42:43.710636] [RADR_NEXUS] [INFO] Detected Node: Bus 001 Device 002: ID 1532:0090 Razer USA, Ltd Razer Naga Pro
[2026-06-07T06:42:43.710680] [RADR_NEXUS] [INFO] Detected Node: Bus 001 Device 003: ID 0bda:58c7 Realtek Semiconductor Corp. Integrated_Webcam_HD
[2026-06-07T06:42:43.710713] [RADR_NEXUS] [INFO] Detected Node: Bus 001 Device 004: ID 8087:0a2b Intel Corp. Bluetooth wireless interface
[2026-06-07T06:42:43.710741] [RADR_NEXUS] [INFO] Detected Node: Bus 001 Device 005: ID 0a5c:5832 Broadcom Corp. BCM5880 Secure Applications Processor Smartcard reader
[2026-06-07T06:42:43.710772] [RADR_NEXUS] [INFO] Detected Node: Bus 002 Device 001: ID 1d6b:0003 Linux Foundation 3.0 root hub
[2026-06-07T06:42:43.710801] [RADR_NEXUS] [INFO] Verifying dataflow parameters and driver hooks...
[2026-06-07T06:42:43.778097] [RADR_NEXUS] [INFO] Telemetry Nexus Scan Complete. Monitoring active.
[2026-06-07T07:21:46.043364] [RADR_NEXUS] [SYS_BOOT] BIOS/Boot Telemetry Initialization Started
[2026-06-07T07:21:46.043462] [RADR_NEXUS] [INFO] Scanning primary USB buses for connected organs/devices...
[2026-06-07T07:21:46.052601] [RADR_NEXUS] [INFO] Detected Node: Bus 001 Device 001: ID 1d6b:0002 Linux Foundation 2.0 root hub
[2026-06-07T07:21:46.052674] [RADR_NEXUS] [INFO] Detected Node: Bus 001 Device 002: ID 1532:0090 Razer USA, Ltd Razer Naga Pro
[2026-06-07T07:21:46.052709] [RADR_NEXUS] [INFO] Detected Node: Bus 001 Device 003: ID 0bda:58c7 Realtek Semiconductor Corp. Integrated_Webcam_HD
[2026-06-07T07:21:46.052740] [RADR_NEXUS] [INFO] Detected Node: Bus 001 Device 004: ID 8087:0a2b Intel Corp. Bluetooth wireless interface
[2026-06-07T07:21:46.052767] [RADR_NEXUS] [INFO] Detected Node: Bus 001 Device 005: ID 0a5c:5832 Broadcom Corp. BCM5880 Secure Applications Processor Smartcard reader
[2026-06-07T07:21:46.052799] [RADR_NEXUS] [INFO] Detected Node: Bus 002 Device 001: ID 1d6b:0003 Linux Foundation 3.0 root hub
[2026-06-07T07:21:46.052832] [RADR_NEXUS] [INFO] Verifying dataflow parameters and driver hooks...
[2026-06-07T07:21:46.082350] [RADR_NEXUS] [INFO] Telemetry Nexus Scan Complete. Monitoring active.
[2026-06-07T07:35:58.418056] [RADR_NEXUS] [SYS_BOOT] BIOS/Boot Telemetry Initialization Started
[2026-06-07T07:35:58.418142] [RADR_NEXUS] [INFO] Scanning primary USB buses for connected organs/devices...
[2026-06-07T07:35:58.427064] [RADR_NEXUS] [INFO] Detected Node: Bus 001 Device 001: ID 1d6b:0002 Linux Foundation 2.0 root hub
[2026-06-07T07:35:58.427156] [RADR_NEXUS] [INFO] Detected Node: Bus 001 Device 002: ID 1532:0090 Razer USA, Ltd Razer Naga Pro
[2026-06-07T07:35:58.427198] [RADR_NEXUS] [INFO] Detected Node: Bus 001 Device 003: ID 0bda:58c7 Realtek Semiconductor Corp. Integrated_Webcam_HD
[2026-06-07T07:35:58.427236] [RADR_NEXUS] [INFO] Detected Node: Bus 001 Device 004: ID 8087:0a2b Intel Corp. Bluetooth wireless interface
[2026-06-07T07:35:58.427271] [RADR_NEXUS] [INFO] Detected Node: Bus 001 Device 005: ID 0a5c:5832 Broadcom Corp. BCM5880 Secure Applications Processor Smartcard reader
[2026-06-07T07:35:58.427302] [RADR_NEXUS] [INFO] Detected Node: Bus 002 Device 001: ID 1d6b:0003 Linux Foundation 3.0 root hub
[2026-06-07T07:35:58.427335] [RADR_NEXUS] [INFO] Verifying dataflow parameters and driver hooks...
[2026-06-07T07:35:58.452898] [RADR_NEXUS] [INFO] Telemetry Nexus Scan Complete. Monitoring active.
[2026-06-07T07:37:06.892910] [RADR_NEXUS] [SYS_BOOT] BIOS/Boot Telemetry Initialization Started
[2026-06-07T07:37:06.892999] [RADR_NEXUS] [INFO] Scanning primary USB buses for connected organs/devices...
[2026-06-07T07:37:06.900519] [RADR_NEXUS] [INFO] Detected Node: Bus 001 Device 001: ID 1d6b:0002 Linux Foundation 2.0 root hub
[2026-06-07T07:37:06.900594] [RADR_NEXUS] [INFO] Detected Node: Bus 001 Device 002: ID 1532:0090 Razer USA, Ltd Razer Naga Pro
[2026-06-07T07:37:06.900628] [RADR_NEXUS] [INFO] Detected Node: Bus 001 Device 003: ID 0bda:58c7 Realtek Semiconductor Corp. Integrated_Webcam_HD
[2026-06-07T07:37:06.900658] [RADR_NEXUS] [INFO] Detected Node: Bus 001 Device 004: ID 8087:0a2b Intel Corp. Bluetooth wireless interface
[2026-06-07T07:37:06.900685] [RADR_NEXUS] [INFO] Detected Node: Bus 001 Device 005: ID 0a5c:5832 Broadcom Corp. BCM5880 Secure Applications Processor Smartcard reader
[2026-06-07T07:37:06.900725] [RADR_NEXUS] [INFO] Detected Node: Bus 002 Device 001: ID 1d6b:0003 Linux Foundation 3.0 root hub
[2026-06-07T07:37:06.900758] [RADR_NEXUS] [INFO] Verifying dataflow parameters and driver hooks...
[2026-06-07T07:37:06.923349] [RADR_NEXUS] [INFO] Telemetry Nexus Scan Complete. Monitoring active.
[2026-06-07T08:06:20.126178] [RADR_NEXUS] [SYS_BOOT] BIOS/Boot Telemetry Initialization Started
[2026-06-07T08:06:20.126270] [RADR_NEXUS] [INFO] Scanning primary USB buses for connected organs/devices...
[2026-06-07T08:06:20.134390] [RADR_NEXUS] [INFO] Detected Node: Bus 001 Device 001: ID 1d6b:0002 Linux Foundation 2.0 root hub
[2026-06-07T08:06:20.134462] [RADR_NEXUS] [INFO] Detected Node: Bus 001 Device 002: ID 1532:0090 Razer USA, Ltd Razer Naga Pro
[2026-06-07T08:06:20.134515] [RADR_NEXUS] [INFO] Detected Node: Bus 001 Device 003: ID 0bda:58c7 Realtek Semiconductor Corp. Integrated_Webcam_HD
[2026-06-07T08:06:20.134554] [RADR_NEXUS] [INFO] Detected Node: Bus 001 Device 004: ID 8087:0a2b Intel Corp. Bluetooth wireless interface
[2026-06-07T08:06:20.134587] [RADR_NEXUS] [INFO] Detected Node: Bus 001 Device 005: ID 0a5c:5832 Broadcom Corp. BCM5880 Secure Applications Processor Smartcard reader
[2026-06-07T08:06:20.134619] [RADR_NEXUS] [INFO] Detected Node: Bus 002 Device 001: ID 1d6b:0003 Linux Foundation 3.0 root hub
[2026-06-07T08:06:20.134651] [RADR_NEXUS] [INFO] Verifying dataflow parameters and driver hooks...
[2026-06-07T08:06:20.160040] [RADR_NEXUS] [INFO] Telemetry Nexus Scan Complete. Monitoring active.
[2026-06-07T16:20:52.201743] [RADR_NEXUS] [SYS_BOOT] BIOS/Boot Telemetry Initialization Started
[2026-06-07T16:20:52.210369] [RADR_NEXUS] [INFO] Scanning primary USB buses for connected organs/devices...
[2026-06-07T16:20:52.234494] [RADR_NEXUS] [INFO] Detected Node: Bus 001 Device 001: ID 1d6b:0002 Linux Foundation 2.0 root hub
[2026-06-07T16:20:52.234576] [RADR_NEXUS] [INFO] Detected Node: Bus 001 Device 002: ID 1532:0090 Razer USA, Ltd Razer Naga Pro
[2026-06-07T16:20:52.234636] [RADR_NEXUS] [INFO] Detected Node: Bus 001 Device 003: ID 0bda:58c7 Realtek Semiconductor Corp. Integrated_Webcam_HD
[2026-06-07T16:20:52.234699] [RADR_NEXUS] [INFO] Detected Node: Bus 001 Device 004: ID 8087:0a2b Intel Corp. Bluetooth wireless interface
[2026-06-07T16:20:52.234750] [RADR_NEXUS] [INFO] Detected Node: Bus 001 Device 005: ID 0a5c:5832 Broadcom Corp. BCM5880 Secure Applications Processor Smartcard reader
[2026-06-07T16:20:52.234784] [RADR_NEXUS] [INFO] Detected Node: Bus 002 Device 001: ID 1d6b:0003 Linux Foundation 3.0 root hub
[2026-06-07T16:20:52.234820] [RADR_NEXUS] [INFO] Verifying dataflow parameters and driver hooks...
[2026-06-07T16:20:52.315781] [RADR_NEXUS] [INFO] Telemetry Nexus Scan Complete. Monitoring active.
[2026-06-08T02:01:04.005909] [RADR_NEXUS] [SYS_BOOT] BIOS/Boot Telemetry Initialization Started
[2026-06-08T02:01:04.008776] [RADR_NEXUS] [INFO] Scanning primary USB buses for connected organs/devices...
[2026-06-08T02:01:04.047250] [RADR_NEXUS] [INFO] Detected Node: Bus 001 Device 001: ID 1d6b:0002 Linux Foundation 2.0 root hub
[2026-06-08T02:01:04.047332] [RADR_NEXUS] [INFO] Detected Node: Bus 001 Device 002: ID 1532:0090 Razer USA, Ltd Razer Naga Pro
[2026-06-08T02:01:04.047376] [RADR_NEXUS] [INFO] Detected Node: Bus 001 Device 003: ID 0bda:58c7 Realtek Semiconductor Corp. Integrated_Webcam_HD
[2026-06-08T02:01:04.047417] [RADR_NEXUS] [INFO] Detected Node: Bus 001 Device 004: ID 8087:0a2b Intel Corp. Bluetooth wireless interface
[2026-06-08T02:01:04.047454] [RADR_NEXUS] [INFO] Detected Node: Bus 001 Device 005: ID 0a5c:5832 Broadcom Corp. BCM5880 Secure Applications Processor Smartcard reader
[2026-06-08T02:01:04.047489] [RADR_NEXUS] [INFO] Detected Node: Bus 002 Device 001: ID 1d6b:0003 Linux Foundation 3.0 root hub
[2026-06-08T02:01:04.047528] [RADR_NEXUS] [INFO] Verifying dataflow parameters and driver hooks...
[2026-06-08T02:01:04.124510] [RADR_NEXUS] [INFO] Telemetry Nexus Scan Complete. Monitoring active.
[2026-06-08T02:02:49.709975] [RADR_NEXUS] [SYS_BOOT] BIOS/Boot Telemetry Initialization Started
[2026-06-08T02:02:49.716887] [RADR_NEXUS] [INFO] Scanning primary USB buses for connected organs/devices...
[2026-06-08T02:02:49.829315] [RADR_NEXUS] [INFO] Detected Node: Bus 001 Device 001: ID 1d6b:0002 Linux Foundation 2.0 root hub
[2026-06-08T02:02:49.829417] [RADR_NEXUS] [INFO] Detected Node: Bus 001 Device 002: ID 1532:0090 Razer USA, Ltd Razer Naga Pro
[2026-06-08T02:02:49.829461] [RADR_NEXUS] [INFO] Detected Node: Bus 001 Device 003: ID 0bda:58c7 Realtek Semiconductor Corp. Integrated_Webcam_HD
[2026-06-08T02:02:49.829499] [RADR_NEXUS] [INFO] Detected Node: Bus 001 Device 004: ID 8087:0a2b Intel Corp. Bluetooth wireless interface
[2026-06-08T02:02:49.829539] [RADR_NEXUS] [INFO] Detected Node: Bus 001 Device 005: ID 0a5c:5832 Broadcom Corp. BCM5880 Secure Applications Processor Smartcard reader
[2026-06-08T02:02:49.829580] [RADR_NEXUS] [INFO] Detected Node: Bus 002 Device 001: ID 1d6b:0003 Linux Foundation 3.0 root hub
[2026-06-08T02:02:49.829618] [RADR_NEXUS] [INFO] Verifying dataflow parameters and driver hooks...
[2026-06-08T02:02:49.943269] [RADR_NEXUS] [INFO] Telemetry Nexus Scan Complete. Monitoring active.
[2026-06-08T15:04:06.969267] [RADR_NEXUS] [SYS_BOOT] BIOS/Boot Telemetry Initialization Started
[2026-06-08T15:04:06.972159] [RADR_NEXUS] [INFO] Scanning primary USB buses for connected organs/devices...
[2026-06-08T15:04:07.079589] [RADR_NEXUS] [INFO] Detected Node: Bus 001 Device 001: ID 1d6b:0002 Linux Foundation 2.0 root hub
[2026-06-08T15:04:07.079675] [RADR_NEXUS] [INFO] Detected Node: Bus 001 Device 002: ID 1532:0090 Razer USA, Ltd Razer Naga Pro
[2026-06-08T15:04:07.079724] [RADR_NEXUS] [INFO] Detected Node: Bus 001 Device 003: ID 0bda:58c7 Realtek Semiconductor Corp. Integrated_Webcam_HD
[2026-06-08T15:04:07.079756] [RADR_NEXUS] [INFO] Detected Node: Bus 001 Device 004: ID 8087:0a2b Intel Corp. Bluetooth wireless interface
[2026-06-08T15:04:07.079785] [RADR_NEXUS] [INFO] Detected Node: Bus 001 Device 005: ID 0a5c:5832 Broadcom Corp. BCM5880 Secure Applications Processor Smartcard reader
[2026-06-08T15:04:07.079818] [RADR_NEXUS] [INFO] Detected Node: Bus 002 Device 001: ID 1d6b:0003 Linux Foundation 3.0 root hub
[2026-06-08T15:04:07.079858] [RADR_NEXUS] [INFO] Verifying dataflow parameters and driver hooks...
[2026-06-08T15:04:07.154282] [RADR_NEXUS] [INFO] Telemetry Nexus Scan Complete. Monitoring active.
[2026-06-08T15:08:37.047660] [RADR_NEXUS] [SYS_BOOT] BIOS/Boot Telemetry Initialization Started
[2026-06-08T15:08:37.050186] [RADR_NEXUS] [INFO] Scanning primary USB buses for connected organs/devices...
[2026-06-08T15:08:37.067263] [RADR_NEXUS] [INFO] Detected Node: Bus 001 Device 001: ID 1d6b:0002 Linux Foundation 2.0 root hub
[2026-06-08T15:08:37.067342] [RADR_NEXUS] [INFO] Detected Node: Bus 001 Device 002: ID 1532:0090 Razer USA, Ltd Razer Naga Pro
[2026-06-08T15:08:37.067382] [RADR_NEXUS] [INFO] Detected Node: Bus 001 Device 003: ID 0bda:58c7 Realtek Semiconductor Corp. Integrated_Webcam_HD
[2026-06-08T15:08:37.067418] [RADR_NEXUS] [INFO] Detected Node: Bus 001 Device 004: ID 8087:0a2b Intel Corp. Bluetooth wireless interface
[2026-06-08T15:08:37.067451] [RADR_NEXUS] [INFO] Detected Node: Bus 001 Device 005: ID 0a5c:5832 Broadcom Corp. BCM5880 Secure Applications Processor Smartcard reader
[2026-06-08T15:08:37.067512] [RADR_NEXUS] [INFO] Detected Node: Bus 002 Device 001: ID 1d6b:0003 Linux Foundation 3.0 root hub
[2026-06-08T15:08:37.067548] [RADR_NEXUS] [INFO] Verifying dataflow parameters and driver hooks...
[2026-06-08T15:08:37.182181] [RADR_NEXUS] [INFO] Telemetry Nexus Scan Complete. Monitoring active.
[2026-06-09T11:00:27.643176] [RADR_NEXUS] [SYS_BOOT] BIOS/Boot Telemetry Initialization Started
[2026-06-09T11:00:27.652192] [RADR_NEXUS] [INFO] Scanning primary USB buses for connected organs/devices...
[2026-06-09T11:00:27.704539] [RADR_NEXUS] [INFO] Detected Node: Bus 001 Device 001: ID 1d6b:0002 Linux Foundation 2.0 root hub
[2026-06-09T11:00:27.704633] [RADR_NEXUS] [INFO] Detected Node: Bus 001 Device 002: ID 1532:0090 Razer USA, Ltd Razer Naga Pro
[2026-06-09T11:00:27.704677] [RADR_NEXUS] [INFO] Detected Node: Bus 001 Device 003: ID 0bda:58c7 Realtek Semiconductor Corp. Integrated_Webcam_HD
[2026-06-09T11:00:27.704712] [RADR_NEXUS] [INFO] Detected Node: Bus 001 Device 004: ID 8087:0a2b Intel Corp. Bluetooth wireless interface
[2026-06-09T11:00:27.704744] [RADR_NEXUS] [INFO] Detected Node: Bus 001 Device 005: ID 0a5c:5832 Broadcom Corp. BCM5880 Secure Applications Processor Smartcard reader
[2026-06-09T11:00:27.704778] [RADR_NEXUS] [INFO] Detected Node: Bus 002 Device 001: ID 1d6b:0003 Linux Foundation 3.0 root hub
[2026-06-09T11:00:27.704811] [RADR_NEXUS] [INFO] Verifying dataflow parameters and driver hooks...
[2026-06-09T11:00:27.790072] [RADR_NEXUS] [INFO] Telemetry Nexus Scan Complete. Monitoring active.
[2026-07-07T22:05:20.699299] [RADR_NEXUS] [SYS_BOOT] BIOS/Boot Telemetry Initialization Started
[2026-07-07T22:05:20.702643] [RADR_NEXUS] [INFO] Scanning primary USB buses for connected organs/devices...
[2026-07-07T22:05:20.780678] [RADR_NEXUS] [INFO] Detected Node: Bus 001 Device 001: ID 1d6b:0002 Linux Foundation 2.0 root hub
[2026-07-07T22:05:20.780758] [RADR_NEXUS] [INFO] Detected Node: Bus 001 Device 002: ID 0bda:58c7 Realtek Semiconductor Corp. Integrated_Webcam_HD
[2026-07-07T22:05:20.780801] [RADR_NEXUS] [INFO] Detected Node: Bus 001 Device 003: ID 8087:0a2b Intel Corp. Bluetooth wireless interface
[2026-07-07T22:05:20.780831] [RADR_NEXUS] [INFO] Detected Node: Bus 001 Device 004: ID 0a5c:5832 Broadcom Corp. BCM5880 Secure Applications Processor Smartcard reader
[2026-07-07T22:05:20.780869] [RADR_NEXUS] [INFO] Detected Node: Bus 002 Device 001: ID 1d6b:0003 Linux Foundation 3.0 root hub
[2026-07-07T22:05:20.780898] [RADR_NEXUS] [INFO] Verifying dataflow parameters and driver hooks...
[2026-07-07T22:05:20.862045] [RADR_NEXUS] [INFO] Telemetry Nexus Scan Complete. Monitoring active.
[2026-07-08T10:56:17.151111] [RADR_NEXUS] [SYS_BOOT] BIOS/Boot Telemetry Initialization Started
[2026-07-08T10:56:17.153619] [RADR_NEXUS] [INFO] Scanning primary USB buses for connected organs/devices...
[2026-07-08T10:56:17.273073] [RADR_NEXUS] [INFO] Detected Node: Bus 001 Device 001: ID 1d6b:0002 Linux Foundation 2.0 root hub
[2026-07-08T10:56:17.273155] [RADR_NEXUS] [INFO] Detected Node: Bus 001 Device 002: ID 048d:1234 Integrated Technology Express, Inc. Chipsbank CBM2199 Flash Drive
[2026-07-08T10:56:17.273199] [RADR_NEXUS] [INFO] Detected Node: Bus 001 Device 003: ID 1532:008f Razer USA, Ltd Razer Naga Pro
[2026-07-08T10:56:17.273235] [RADR_NEXUS] [INFO] Detected Node: Bus 001 Device 004: ID 04e8:4001 Samsung Electronics Co., Ltd PSSD T7
[2026-07-08T10:56:17.273270] [RADR_NEXUS] [INFO] Detected Node: Bus 001 Device 005: ID 0bda:58c7 Realtek Semiconductor Corp. Integrated_Webcam_HD
[2026-07-08T10:56:17.273318] [RADR_NEXUS] [INFO] Detected Node: Bus 001 Device 006: ID 8087:0a2b Intel Corp. Bluetooth wireless interface
[2026-07-08T10:56:17.273354] [RADR_NEXUS] [INFO] Detected Node: Bus 001 Device 007: ID 0a5c:5832 Broadcom Corp. BCM5880 Secure Applications Processor Smartcard reader
[2026-07-08T10:56:17.273396] [RADR_NEXUS] [INFO] Detected Node: Bus 002 Device 001: ID 1d6b:0003 Linux Foundation 3.0 root hub
[2026-07-08T10:56:17.273433] [RADR_NEXUS] [INFO] Detected Node: Bus 003 Device 001: ID 1d6b:0002 Linux Foundation 2.0 root hub
[2026-07-08T10:56:17.273468] [RADR_NEXUS] [INFO] Detected Node: Bus 003 Device 002: ID 04e8:6860 Samsung Electronics Co., Ltd Galaxy series, misc. (MTP mode)
[2026-07-08T10:56:17.273503] [RADR_NEXUS] [INFO] Detected Node: Bus 004 Device 001: ID 1d6b:0003 Linux Foundation 3.0 root hub
[2026-07-08T10:56:17.273538] [RADR_NEXUS] [INFO] Verifying dataflow parameters and driver hooks...
[2026-07-08T10:56:17.412139] [RADR_NEXUS] [INFO] Telemetry Nexus Scan Complete. Monitoring active.
[2026-07-08T11:00:32.304953] [RADR_NEXUS] [SYS_BOOT] BIOS/Boot Telemetry Initialization Started
[2026-07-08T11:00:32.308081] [RADR_NEXUS] [INFO] Scanning primary USB buses for connected organs/devices...
[2026-07-08T11:00:32.346197] [RADR_NEXUS] [INFO] Detected Node: Bus 001 Device 001: ID 1d6b:0002 Linux Foundation 2.0 root hub
[2026-07-08T11:00:32.346271] [RADR_NEXUS] [INFO] Detected Node: Bus 001 Device 002: ID 048d:1234 Integrated Technology Express, Inc. Chipsbank CBM2199 Flash Drive
[2026-07-08T11:00:32.346311] [RADR_NEXUS] [INFO] Detected Node: Bus 001 Device 003: ID 1532:008f Razer USA, Ltd Razer Naga Pro
[2026-07-08T11:00:32.346358] [RADR_NEXUS] [INFO] Detected Node: Bus 001 Device 004: ID 04e8:4001 Samsung Electronics Co., Ltd PSSD T7
[2026-07-08T11:00:32.346393] [RADR_NEXUS] [INFO] Detected Node: Bus 001 Device 005: ID 0bda:58c7 Realtek Semiconductor Corp. Integrated_Webcam_HD
[2026-07-08T11:00:32.346461] [RADR_NEXUS] [INFO] Detected Node: Bus 001 Device 006: ID 8087:0a2b Intel Corp. Bluetooth wireless interface
[2026-07-08T11:00:32.346497] [RADR_NEXUS] [INFO] Detected Node: Bus 001 Device 007: ID 0a5c:5832 Broadcom Corp. BCM5880 Secure Applications Processor Smartcard reader
[2026-07-08T11:00:32.346540] [RADR_NEXUS] [INFO] Detected Node: Bus 002 Device 001: ID 1d6b:0003 Linux Foundation 3.0 root hub
[2026-07-08T11:00:32.346574] [RADR_NEXUS] [INFO] Detected Node: Bus 003 Device 001: ID 1d6b:0002 Linux Foundation 2.0 root hub
[2026-07-08T11:00:32.346610] [RADR_NEXUS] [INFO] Detected Node: Bus 003 Device 002: ID 04e8:6860 Samsung Electronics Co., Ltd Galaxy series, misc. (MTP mode)
[2026-07-08T11:00:32.346646] [RADR_NEXUS] [INFO] Detected Node: Bus 004 Device 001: ID 1d6b:0003 Linux Foundation 3.0 root hub
[2026-07-08T11:00:32.346685] [RADR_NEXUS] [INFO] Verifying dataflow parameters and driver hooks...
[2026-07-08T11:00:32.424458] [RADR_NEXUS] [INFO] Telemetry Nexus Scan Complete. Monitoring active.
[2026-07-08T14:33:35.572084] [RADR_NEXUS] [SYS_BOOT] BIOS/Boot Telemetry Initialization Started
[2026-07-08T14:33:35.576755] [RADR_NEXUS] [INFO] Scanning primary USB buses for connected organs/devices...
[2026-07-08T14:33:35.617576] [RADR_NEXUS] [INFO] Detected Node: Bus 001 Device 001: ID 1d6b:0002 Linux Foundation 2.0 root hub
[2026-07-08T14:33:35.617655] [RADR_NEXUS] [INFO] Detected Node: Bus 001 Device 002: ID 048d:1234 Integrated Technology Express, Inc. Chipsbank CBM2199 Flash Drive
[2026-07-08T14:33:35.617744] [RADR_NEXUS] [INFO] Detected Node: Bus 001 Device 003: ID 1532:008f Razer USA, Ltd Razer Naga Pro
[2026-07-08T14:33:35.617778] [RADR_NEXUS] [INFO] Detected Node: Bus 001 Device 004: ID 04e8:4001 Samsung Electronics Co., Ltd PSSD T7
[2026-07-08T14:33:35.617810] [RADR_NEXUS] [INFO] Detected Node: Bus 001 Device 005: ID 0bda:58c7 Realtek Semiconductor Corp. Integrated_Webcam_HD
[2026-07-08T14:33:35.617847] [RADR_NEXUS] [INFO] Detected Node: Bus 001 Device 006: ID 8087:0a2b Intel Corp. Bluetooth wireless interface
[2026-07-08T14:33:35.617877] [RADR_NEXUS] [INFO] Detected Node: Bus 001 Device 007: ID 0a5c:5832 Broadcom Corp. BCM5880 Secure Applications Processor Smartcard reader
[2026-07-08T14:33:35.617913] [RADR_NEXUS] [INFO] Detected Node: Bus 002 Device 001: ID 1d6b:0003 Linux Foundation 3.0 root hub
[2026-07-08T14:33:35.617944] [RADR_NEXUS] [INFO] Detected Node: Bus 003 Device 001: ID 1d6b:0002 Linux Foundation 2.0 root hub
[2026-07-08T14:33:35.617975] [RADR_NEXUS] [INFO] Detected Node: Bus 003 Device 002: ID 04e8:6860 Samsung Electronics Co., Ltd Galaxy series, misc. (MTP mode)
[2026-07-08T14:33:35.618006] [RADR_NEXUS] [INFO] Detected Node: Bus 004 Device 001: ID 1d6b:0003 Linux Foundation 3.0 root hub
[2026-07-08T14:33:35.618064] [RADR_NEXUS] [INFO] Verifying dataflow parameters and driver hooks...
[2026-07-08T14:33:35.712727] [RADR_NEXUS] [INFO] Telemetry Nexus Scan Complete. Monitoring active.
[2026-07-09T11:23:32.564293] [RADR_NEXUS] [SYS_BOOT] BIOS/Boot Telemetry Initialization Started
[2026-07-09T11:23:32.567077] [RADR_NEXUS] [INFO] Scanning primary USB buses for connected organs/devices...
[2026-07-09T11:23:32.599518] [RADR_NEXUS] [INFO] Detected Node: Bus 001 Device 001: ID 1d6b:0002 Linux Foundation 2.0 root hub
[2026-07-09T11:23:32.599607] [RADR_NEXUS] [INFO] Detected Node: Bus 001 Device 002: ID 048d:1234 Integrated Technology Express, Inc. Chipsbank CBM2199 Flash Drive
[2026-07-09T11:23:32.599643] [RADR_NEXUS] [INFO] Detected Node: Bus 001 Device 003: ID 04e8:4001 Samsung Electronics Co., Ltd PSSD T7
[2026-07-09T11:23:32.599673] [RADR_NEXUS] [INFO] Detected Node: Bus 001 Device 004: ID 1532:008f Razer USA, Ltd Razer Naga Pro
[2026-07-09T11:23:32.599701] [RADR_NEXUS] [INFO] Detected Node: Bus 001 Device 005: ID 0bda:58c7 Realtek Semiconductor Corp. Integrated_Webcam_HD
[2026-07-09T11:23:32.599728] [RADR_NEXUS] [INFO] Detected Node: Bus 001 Device 006: ID 8087:0a2b Intel Corp. Bluetooth wireless interface
[2026-07-09T11:23:32.599753] [RADR_NEXUS] [INFO] Detected Node: Bus 001 Device 007: ID 0a5c:5832 Broadcom Corp. BCM5880 Secure Applications Processor Smartcard reader
[2026-07-09T11:23:32.599795] [RADR_NEXUS] [INFO] Detected Node: Bus 002 Device 001: ID 1d6b:0003 Linux Foundation 3.0 root hub
[2026-07-09T11:23:32.599834] [RADR_NEXUS] [INFO] Detected Node: Bus 003 Device 001: ID 1d6b:0002 Linux Foundation 2.0 root hub
[2026-07-09T11:23:32.599881] [RADR_NEXUS] [INFO] Detected Node: Bus 003 Device 003: ID 04e8:6860 Samsung Electronics Co., Ltd Galaxy series, misc. (MTP mode)
[2026-07-09T11:23:32.599916] [RADR_NEXUS] [INFO] Detected Node: Bus 004 Device 001: ID 1d6b:0003 Linux Foundation 3.0 root hub
[2026-07-09T11:23:32.599952] [RADR_NEXUS] [INFO] Verifying dataflow parameters and driver hooks...
[2026-07-09T11:23:32.666919] [RADR_NEXUS] [INFO] Telemetry Nexus Scan Complete. Monitoring active.
[2026-07-09T12:31:44.006834] [RADR_NEXUS] [SYS_BOOT] BIOS/Boot Telemetry Initialization Started
[2026-07-09T12:31:44.011452] [RADR_NEXUS] [INFO] Scanning primary USB buses for connected organs/devices...
[2026-07-09T12:31:44.032152] [RADR_NEXUS] [INFO] Detected Node: Bus 001 Device 001: ID 1d6b:0002 Linux Foundation 2.0 root hub
[2026-07-09T12:31:44.032250] [RADR_NEXUS] [INFO] Detected Node: Bus 001 Device 002: ID 048d:1234 Integrated Technology Express, Inc. Chipsbank CBM2199 Flash Drive
[2026-07-09T12:31:44.032311] [RADR_NEXUS] [INFO] Detected Node: Bus 001 Device 003: ID 04e8:4001 Samsung Electronics Co., Ltd PSSD T7
[2026-07-09T12:31:44.032354] [RADR_NEXUS] [INFO] Detected Node: Bus 001 Device 004: ID 1532:008f Razer USA, Ltd Razer Naga Pro
[2026-07-09T12:31:44.032390] [RADR_NEXUS] [INFO] Detected Node: Bus 001 Device 005: ID 0bda:58c7 Realtek Semiconductor Corp. Integrated_Webcam_HD
[2026-07-09T12:31:44.032425] [RADR_NEXUS] [INFO] Detected Node: Bus 001 Device 006: ID 8087:0a2b Intel Corp. Bluetooth wireless interface
[2026-07-09T12:31:44.032456] [RADR_NEXUS] [INFO] Detected Node: Bus 001 Device 007: ID 0a5c:5832 Broadcom Corp. BCM5880 Secure Applications Processor Smartcard reader
[2026-07-09T12:31:44.032498] [RADR_NEXUS] [INFO] Detected Node: Bus 002 Device 001: ID 1d6b:0003 Linux Foundation 3.0 root hub
[2026-07-09T12:31:44.032536] [RADR_NEXUS] [INFO] Detected Node: Bus 003 Device 001: ID 1d6b:0002 Linux Foundation 2.0 root hub
[2026-07-09T12:31:44.032572] [RADR_NEXUS] [INFO] Detected Node: Bus 003 Device 003: ID 04e8:6860 Samsung Electronics Co., Ltd Galaxy series, misc. (MTP mode)
[2026-07-09T12:31:44.032609] [RADR_NEXUS] [INFO] Detected Node: Bus 004 Device 001: ID 1d6b:0003 Linux Foundation 3.0 root hub
[2026-07-09T12:31:44.032645] [RADR_NEXUS] [INFO] Verifying dataflow parameters and driver hooks...
[2026-07-09T12:31:44.099465] [RADR_NEXUS] [INFO] Telemetry Nexus Scan Complete. Monitoring active.
[2026-07-09T15:02:14.568195] [RADR_NEXUS] [SYS_BOOT] BIOS/Boot Telemetry Initialization Started
[2026-07-09T15:02:14.570657] [RADR_NEXUS] [INFO] Scanning primary USB buses for connected organs/devices...
[2026-07-09T15:02:14.591511] [RADR_NEXUS] [INFO] Detected Node: Bus 001 Device 001: ID 1d6b:0002 Linux Foundation 2.0 root hub
[2026-07-09T15:02:14.593892] [RADR_NEXUS] [INFO] Detected Node: Bus 001 Device 002: ID 048d:1234 Integrated Technology Express, Inc. Chipsbank CBM2199 Flash Drive
[2026-07-09T15:02:14.593954] [RADR_NEXUS] [INFO] Detected Node: Bus 001 Device 003: ID 04e8:4001 Samsung Electronics Co., Ltd PSSD T7
[2026-07-09T15:02:14.594007] [RADR_NEXUS] [INFO] Detected Node: Bus 001 Device 004: ID 1532:008f Razer USA, Ltd Razer Naga Pro
[2026-07-09T15:02:14.594046] [RADR_NEXUS] [INFO] Detected Node: Bus 001 Device 005: ID 0bda:58c7 Realtek Semiconductor Corp. Integrated_Webcam_HD
[2026-07-09T15:02:14.594083] [RADR_NEXUS] [INFO] Detected Node: Bus 001 Device 006: ID 8087:0a2b Intel Corp. Bluetooth wireless interface
[2026-07-09T15:02:14.594122] [RADR_NEXUS] [INFO] Detected Node: Bus 001 Device 007: ID 0a5c:5832 Broadcom Corp. BCM5880 Secure Applications Processor Smartcard reader
[2026-07-09T15:02:14.594177] [RADR_NEXUS] [INFO] Detected Node: Bus 002 Device 001: ID 1d6b:0003 Linux Foundation 3.0 root hub
[2026-07-09T15:02:14.594220] [RADR_NEXUS] [INFO] Detected Node: Bus 003 Device 001: ID 1d6b:0002 Linux Foundation 2.0 root hub
[2026-07-09T15:02:14.594262] [RADR_NEXUS] [INFO] Detected Node: Bus 003 Device 002: ID 04e8:6860 Samsung Electronics Co., Ltd Galaxy series, misc. (MTP mode)
[2026-07-09T15:02:14.594300] [RADR_NEXUS] [INFO] Detected Node: Bus 004 Device 001: ID 1d6b:0003 Linux Foundation 3.0 root hub
[2026-07-09T15:02:14.594339] [RADR_NEXUS] [INFO] Verifying dataflow parameters and driver hooks...
[2026-07-09T15:02:14.663207] [RADR_NEXUS] [INFO] Telemetry Nexus Scan Complete. Monitoring active.
[2026-07-09T21:55:03.283729] [RADR_NEXUS] [SYS_BOOT] BIOS/Boot Telemetry Initialization Started
[2026-07-09T21:55:03.285969] [RADR_NEXUS] [INFO] Scanning primary USB buses for connected organs/devices...
[2026-07-09T21:55:03.316693] [RADR_NEXUS] [INFO] Detected Node: Bus 001 Device 001: ID 1d6b:0002 Linux Foundation 2.0 root hub
[2026-07-09T21:55:03.316792] [RADR_NEXUS] [INFO] Detected Node: Bus 001 Device 002: ID 048d:1234 Integrated Technology Express, Inc. Chipsbank CBM2199 Flash Drive
[2026-07-09T21:55:03.316842] [RADR_NEXUS] [INFO] Detected Node: Bus 001 Device 003: ID 04e8:4001 Samsung Electronics Co., Ltd PSSD T7
[2026-07-09T21:55:03.316887] [RADR_NEXUS] [INFO] Detected Node: Bus 001 Device 004: ID 1532:008f Razer USA, Ltd Razer Naga Pro
[2026-07-09T21:55:03.316929] [RADR_NEXUS] [INFO] Detected Node: Bus 001 Device 005: ID 0bda:58c7 Realtek Semiconductor Corp. Integrated_Webcam_HD
[2026-07-09T21:55:03.316971] [RADR_NEXUS] [INFO] Detected Node: Bus 001 Device 006: ID 8087:0a2b Intel Corp. Bluetooth wireless interface
[2026-07-09T21:55:03.317012] [RADR_NEXUS] [INFO] Detected Node: Bus 001 Device 007: ID 0a5c:5832 Broadcom Corp. BCM5880 Secure Applications Processor Smartcard reader
[2026-07-09T21:55:03.317058] [RADR_NEXUS] [INFO] Detected Node: Bus 002 Device 001: ID 1d6b:0003 Linux Foundation 3.0 root hub
[2026-07-09T21:55:03.317098] [RADR_NEXUS] [INFO] Detected Node: Bus 003 Device 001: ID 1d6b:0002 Linux Foundation 2.0 root hub
[2026-07-09T21:55:03.317148] [RADR_NEXUS] [INFO] Detected Node: Bus 003 Device 002: ID 04e8:6860 Samsung Electronics Co., Ltd Galaxy series, misc. (MTP mode)
[2026-07-09T21:55:03.317185] [RADR_NEXUS] [INFO] Detected Node: Bus 004 Device 001: ID 1d6b:0003 Linux Foundation 3.0 root hub
[2026-07-09T21:55:03.317225] [RADR_NEXUS] [INFO] Verifying dataflow parameters and driver hooks...
[2026-07-09T21:55:03.425452] [RADR_NEXUS] [INFO] Telemetry Nexus Scan Complete. Monitoring active.
