[Wed  8 Jul 18:59:48 CEST 2026] >> Triggered by: usb
[Wed  8 Jul 18:59:48 CEST 2026] >> Waiting for Android Biometric Auth...
[Wed  8 Jul 18:59:48 CEST 2026] >> Auth failed or timeout. Access DENIED.
[Wed  8 Jul 19:01:40 CEST 2026] >> Triggered by: usb
[Wed  8 Jul 19:01:40 CEST 2026] >> Waiting for Android Biometric Auth...
[Wed  8 Jul 19:01:55 CEST 2026] >> Auth failed or timeout. Access DENIED.
[Wed  8 Jul 19:04:02 CEST 2026] >> Triggered by: usb
[Wed  8 Jul 19:04:02 CEST 2026] >> Waiting for Android Biometric Auth...
[Wed  8 Jul 19:04:02 CEST 2026] >> Zero-Trust Biometric Auth SUCCESS. Trust granted.
[Wed  8 Jul 19:04:02 CEST 2026] >> Bridge launched.
[Wed  8 Jul 19:06:09 CEST 2026] >> Triggered by: usb
[Wed  8 Jul 19:06:09 CEST 2026] >> Waiting for Android Biometric Auth...
[Wed  8 Jul 19:06:14 CEST 2026] >> Zero-Trust Biometric Auth SUCCESS. Trust granted.
[Wed  8 Jul 19:06:14 CEST 2026] >> Bridge launched.
[чт 09 июль 2026 15:30:46 CEST] >> Triggered by: usb
[чт 09 июль 2026 15:30:46 CEST] >> Triggered by: usb
[чт 09 июль 2026 15:30:46 CEST] >> Queued task to init edge remote control manager for usb
[чт 09 июль 2026 15:30:46 CEST] >> Queued task to init edge remote control manager for usb
[чт 09 июль 2026 15:30:46 CEST] >> Warning: No ADB device found. Assuming non-Android edge node.
[чт 09 июль 2026 15:30:46 CEST] >> Triggered by: usb
[чт 09 июль 2026 15:30:46 CEST] >> Queued task to init edge remote control manager for usb
[чт 09 июль 2026 15:30:46 CEST] >> Warning: No ADB device found. Assuming non-Android edge node.
[чт 09 июль 2026 15:30:46 CEST] >> Warning: No ADB device found. Assuming non-Android edge node.
[чт 09 июль 2026 15:30:46 CEST] >> Triggered by: usb
[чт 09 июль 2026 15:30:46 CEST] >> Queued task to init edge remote control manager for usb
[чт 09 июль 2026 15:30:46 CEST] >> Warning: No ADB device found. Assuming non-Android edge node.
[чт 09 июль 2026 15:30:47 CEST] >> Triggered by: usb
[чт 09 июль 2026 15:30:47 CEST] >> Queued task to init edge remote control manager for usb
[чт 09 июль 2026 15:30:47 CEST] >> Warning: No ADB device found. Assuming non-Android edge node.
[чт 09 июль 2026 15:30:47 CEST] >> Triggered by: usb
[чт 09 июль 2026 15:30:47 CEST] >> Triggered by: usb
[чт 09 июль 2026 15:30:47 CEST] >> Triggered by: usb
[чт 09 июль 2026 15:30:47 CEST] >> Triggered by: usb
[чт 09 июль 2026 15:30:47 CEST] >> Queued task to init edge remote control manager for usb
[чт 09 июль 2026 15:30:47 CEST] >> Queued task to init edge remote control manager for usb
[чт 09 июль 2026 15:30:47 CEST] >> Warning: No ADB device found. Assuming non-Android edge node.
[чт 09 июль 2026 15:30:47 CEST] >> Queued task to init edge remote control manager for usb
[чт 09 июль 2026 15:30:47 CEST] >> Warning: No ADB device found. Assuming non-Android edge node.
[чт 09 июль 2026 15:30:47 CEST] >> Queued task to init edge remote control manager for usb
[чт 09 июль 2026 15:30:47 CEST] >> Warning: No ADB device found. Assuming non-Android edge node.
[чт 09 июль 2026 15:30:47 CEST] >> Warning: No ADB device found. Assuming non-Android edge node.
[чт 09 июль 2026 15:32:57 CEST] >> Triggered by: usb
[чт 09 июль 2026 15:32:57 CEST] >> Triggered by: usb
[чт 09 июль 2026 15:32:57 CEST] >> Queued task to init edge remote control manager for usb
[чт 09 июль 2026 15:32:57 CEST] >> Queued task to init edge remote control manager for usb
[чт 09 июль 2026 15:32:57 CEST] >> Triggered by: usb
[чт 09 июль 2026 15:32:57 CEST] >> Triggered by: usb
[чт 09 июль 2026 15:32:57 CEST] >> Queued task to init edge remote control manager for usb
[чт 09 июль 2026 15:32:57 CEST] >> Queued task to init edge remote control manager for usb
[чт 09 июль 2026 15:32:57 CEST] >> Triggered by: usb
[чт 09 июль 2026 15:32:57 CEST] >> Queued task to init edge remote control manager for usb
[чт 09 июль 2026 15:32:57 CEST] >> Triggered by: usb
[чт 09 июль 2026 15:32:57 CEST] >> Triggered by: usb
[чт 09 июль 2026 15:32:57 CEST] >> Triggered by: usb
[чт 09 июль 2026 15:32:57 CEST] >> Triggered by: usb
[чт 09 июль 2026 15:32:57 CEST] >> Queued task to init edge remote control manager for usb
[чт 09 июль 2026 15:32:57 CEST] >> Queued task to init edge remote control manager for usb
[чт 09 июль 2026 15:32:57 CEST] >> Queued task to init edge remote control manager for usb
[чт 09 июль 2026 15:32:57 CEST] >> Queued task to init edge remote control manager for usb
[чт 09 июль 2026 15:32:57 CEST] >> Waiting for Android Biometric Auth...
[чт 09 июль 2026 15:32:57 CEST] >> Waiting for Android Biometric Auth...
[чт 09 июль 2026 15:32:57 CEST] >> Waiting for Android Biometric Auth...
[чт 09 июль 2026 15:32:57 CEST] >> Waiting for Android Biometric Auth...
[чт 09 июль 2026 15:32:57 CEST] >> Auth failed or timeout. Access DENIED.
[чт 09 июль 2026 15:32:57 CEST] >> Auth failed or timeout. Access DENIED.
[чт 09 июль 2026 15:32:57 CEST] >> Auth failed or timeout. Access DENIED.
[чт 09 июль 2026 15:32:57 CEST] >> Auth failed or timeout. Access DENIED.
[чт 09 июль 2026 15:32:58 CEST] >> Waiting for Android Biometric Auth...
[чт 09 июль 2026 15:32:58 CEST] >> Waiting for Android Biometric Auth...
[чт 09 июль 2026 15:32:58 CEST] >> Auth failed or timeout. Access DENIED.
[чт 09 июль 2026 15:32:58 CEST] >> Auth failed or timeout. Access DENIED.
[чт 09 июль 2026 15:32:58 CEST] >> Waiting for Android Biometric Auth...
[чт 09 июль 2026 15:32:58 CEST] >> Auth failed or timeout. Access DENIED.
[чт 09 июль 2026 15:32:58 CEST] >> Waiting for Android Biometric Auth...
[чт 09 июль 2026 15:32:58 CEST] >> Auth failed or timeout. Access DENIED.
[чт 09 июль 2026 15:32:58 CEST] >> Waiting for Android Biometric Auth...
[чт 09 июль 2026 15:32:58 CEST] >> Auth failed or timeout. Access DENIED.
[чт 09 июль 2026 20:05:48 CEST] >> Triggered by: usb
[чт 09 июль 2026 20:05:48 CEST] >> Triggered by: usb
[чт 09 июль 2026 20:05:48 CEST] >> Queued task to init edge remote control manager for usb
[чт 09 июль 2026 20:05:48 CEST] >> Queued task to init edge remote control manager for usb
[чт 09 июль 2026 20:05:48 CEST] >> Triggered by: usb
[чт 09 июль 2026 20:05:48 CEST] >> Triggered by: usb
[чт 09 июль 2026 20:05:48 CEST] >> Queued task to init edge remote control manager for usb
[чт 09 июль 2026 20:05:48 CEST] >> Queued task to init edge remote control manager for usb
[чт 09 июль 2026 20:05:48 CEST] >> Triggered by: usb
[чт 09 июль 2026 20:05:48 CEST] >> Queued task to init edge remote control manager for usb
[чт 09 июль 2026 20:05:48 CEST] >> Triggered by: usb
[чт 09 июль 2026 20:05:48 CEST] >> Triggered by: usb
[чт 09 июль 2026 20:05:48 CEST] >> Queued task to init edge remote control manager for usb
[чт 09 июль 2026 20:05:48 CEST] >> Waiting for Android Biometric Auth...
[чт 09 июль 2026 20:05:48 CEST] >> Triggered by: usb
[чт 09 июль 2026 20:05:48 CEST] >> Triggered by: usb
[чт 09 июль 2026 20:05:48 CEST] >> Queued task to init edge remote control manager for usb
[чт 09 июль 2026 20:05:48 CEST] >> Queued task to init edge remote control manager for usb
[чт 09 июль 2026 20:05:48 CEST] >> Queued task to init edge remote control manager for usb
[чт 09 июль 2026 20:05:48 CEST] >> Waiting for Android Biometric Auth...
[чт 09 июль 2026 20:05:48 CEST] >> Waiting for Android Biometric Auth...
[чт 09 июль 2026 20:05:48 CEST] >> Auth failed or timeout. Access DENIED.
[чт 09 июль 2026 20:05:48 CEST] >> Auth failed or timeout. Access DENIED.
[чт 09 июль 2026 20:05:48 CEST] >> Auth failed or timeout. Access DENIED.
[чт 09 июль 2026 20:05:48 CEST] >> Waiting for Android Biometric Auth...
[чт 09 июль 2026 20:05:48 CEST] >> Auth failed or timeout. Access DENIED.
[чт 09 июль 2026 20:05:49 CEST] >> Waiting for Android Biometric Auth...
[чт 09 июль 2026 20:05:49 CEST] >> Waiting for Android Biometric Auth...
[чт 09 июль 2026 20:05:49 CEST] >> Auth failed or timeout. Access DENIED.
[чт 09 июль 2026 20:05:49 CEST] >> Auth failed or timeout. Access DENIED.
[чт 09 июль 2026 20:05:49 CEST] >> Waiting for Android Biometric Auth...
[чт 09 июль 2026 20:05:49 CEST] >> Waiting for Android Biometric Auth...
[чт 09 июль 2026 20:05:49 CEST] >> Auth failed or timeout. Access DENIED.
[чт 09 июль 2026 20:05:49 CEST] >> Auth failed or timeout. Access DENIED.
[чт 09 июль 2026 20:05:49 CEST] >> Waiting for Android Biometric Auth...
[чт 09 июль 2026 20:05:49 CEST] >> Auth failed or timeout. Access DENIED.
[чт 09 июль 2026 21:54:59 CEST] >> Triggered by: usb
[чт 09 июль 2026 21:54:59 CEST] >> Queued task to init edge remote control manager for usb
[чт 09 июль 2026 21:55:02 CEST] >> Triggered by: usb
[чт 09 июль 2026 21:55:02 CEST] >> Triggered by: usb
[чт 09 июль 2026 21:55:02 CEST] >> Triggered by: usb
[чт 09 июль 2026 21:55:02 CEST] >> Triggered by: usb
[чт 09 июль 2026 21:55:02 CEST] >> Triggered by: usb
[чт 09 июль 2026 21:55:02 CEST] >> Triggered by: usb
[чт 09 июль 2026 21:55:02 CEST] >> Triggered by: usb
[чт 09 июль 2026 21:55:02 CEST] >> Triggered by: usb
[чт 09 июль 2026 21:55:02 CEST] >> Triggered by: usb
[чт 09 июль 2026 21:55:02 CEST] >> Triggered by: usb
[чт 09 июль 2026 21:55:02 CEST] >> Queued task to init edge remote control manager for usb
[чт 09 июль 2026 21:55:02 CEST] >> Queued task to init edge remote control manager for usb
[чт 09 июль 2026 21:55:02 CEST] >> Queued task to init edge remote control manager for usb
[чт 09 июль 2026 21:55:02 CEST] >> Triggered by: usb
[чт 09 июль 2026 21:55:02 CEST] >> Queued task to init edge remote control manager for usb
[чт 09 июль 2026 21:55:03 CEST] >> Queued task to init edge remote control manager for usb
[чт 09 июль 2026 21:55:03 CEST] >> Queued task to init edge remote control manager for usb
[чт 09 июль 2026 21:55:03 CEST] >> Triggered by: usb
[чт 09 июль 2026 21:55:03 CEST] >> Queued task to init edge remote control manager for usb
[чт 09 июль 2026 21:55:03 CEST] >> Queued task to init edge remote control manager for usb
[чт 09 июль 2026 21:55:03 CEST] >> Queued task to init edge remote control manager for usb
[чт 09 июль 2026 21:55:03 CEST] >> Queued task to init edge remote control manager for usb
[чт 09 июль 2026 21:55:03 CEST] >> Queued task to init edge remote control manager for usb
[чт 09 июль 2026 21:55:03 CEST] >> Queued task to init edge remote control manager for usb
[чт 09 июль 2026 21:55:03 CEST] >> Triggered by: usb
[чт 09 июль 2026 21:55:03 CEST] >> Triggered by: usb
[чт 09 июль 2026 21:55:03 CEST] >> Triggered by: usb
[чт 09 июль 2026 21:55:03 CEST] >> Triggered by: usb
[чт 09 июль 2026 21:55:03 CEST] >> Triggered by: usb
[чт 09 июль 2026 21:55:03 CEST] >> Triggered by: usb
[чт 09 июль 2026 21:55:03 CEST] >> Triggered by: usb
[чт 09 июль 2026 21:55:03 CEST] >> Triggered by: usb
[чт 09 июль 2026 21:55:03 CEST] >> Triggered by: usb
[чт 09 июль 2026 21:55:03 CEST] >> Triggered by: usb
[чт 09 июль 2026 21:55:03 CEST] >> Triggered by: usb
[чт 09 июль 2026 21:55:03 CEST] >> Queued task to init edge remote control manager for usb
[чт 09 июль 2026 21:55:03 CEST] >> Queued task to init edge remote control manager for usb
[чт 09 июль 2026 21:55:03 CEST] >> Triggered by: usb
[чт 09 июль 2026 21:55:03 CEST] >> Queued task to init edge remote control manager for usb
[чт 09 июль 2026 21:55:03 CEST] >> Queued task to init edge remote control manager for usb
[чт 09 июль 2026 21:55:03 CEST] >> Triggered by: usb
[чт 09 июль 2026 21:55:03 CEST] >> Triggered by: usb
[чт 09 июль 2026 21:55:03 CEST] >> Queued task to init edge remote control manager for usb
[чт 09 июль 2026 21:55:04 CEST] >> Queued task to init edge remote control manager for usb
[чт 09 июль 2026 21:55:04 CEST] >> Triggered by: usb
[чт 09 июль 2026 21:55:04 CEST] >> Triggered by: usb
[чт 09 июль 2026 21:55:04 CEST] >> Queued task to init edge remote control manager for usb
[чт 09 июль 2026 21:55:04 CEST] >> Queued task to init edge remote control manager for usb
[чт 09 июль 2026 21:55:04 CEST] >> Queued task to init edge remote control manager for usb
[чт 09 июль 2026 21:55:04 CEST] >> Queued task to init edge remote control manager for usb
[чт 09 июль 2026 21:55:04 CEST] >> Queued task to init edge remote control manager for usb
[чт 09 июль 2026 21:55:04 CEST] >> Triggered by: usb
[чт 09 июль 2026 21:55:04 CEST] >> Triggered by: usb
[чт 09 июль 2026 21:55:04 CEST] >> Triggered by: usb
[чт 09 июль 2026 21:55:04 CEST] >> Queued task to init edge remote control manager for usb
[чт 09 июль 2026 21:55:04 CEST] >> Queued task to init edge remote control manager for usb
[чт 09 июль 2026 21:55:04 CEST] >> Queued task to init edge remote control manager for usb
[чт 09 июль 2026 21:55:04 CEST] >> Queued task to init edge remote control manager for usb
[чт 09 июль 2026 21:55:04 CEST] >> Triggered by: usb
[чт 09 июль 2026 21:55:04 CEST] >> Queued task to init edge remote control manager for usb
[чт 09 июль 2026 21:55:04 CEST] >> Queued task to init edge remote control manager for usb
[чт 09 июль 2026 21:55:04 CEST] >> Queued task to init edge remote control manager for usb
[чт 09 июль 2026 21:55:04 CEST] >> Queued task to init edge remote control manager for usb
[чт 09 июль 2026 21:55:04 CEST] >> Triggered by: bt
[чт 09 июль 2026 21:55:04 CEST] >> Queued task to init edge remote control manager for usb
[чт 09 июль 2026 21:55:04 CEST] >> Queued task to init edge remote control manager for bt
[чт 09 июль 2026 21:58:06 CEST] >> Triggered by: bt
[чт 09 июль 2026 21:58:06 CEST] >> Queued task to init edge remote control manager for bt
[чт 09 июль 2026 21:58:06 CEST] >> Waiting for Android Biometric Auth...
[чт 09 июль 2026 21:58:06 CEST] >> Auth failed or timeout. Access DENIED.
[чт 09 июль 2026 22:25:40 CEST] >> Triggered by: bt
[чт 09 июль 2026 22:25:40 CEST] >> Queued task to init edge remote control manager for bt
[чт 09 июль 2026 22:25:40 CEST] >> Waiting for Android Biometric Auth...
[чт 09 июль 2026 22:25:40 CEST] >> Auth failed or timeout. Access DENIED.
[пт 10 июль 2026 18:49:19 CEST] >> Triggered by: usb
[пт 10 июль 2026 18:49:20 CEST] >> Queued task to init edge remote control manager for usb
[пт 10 июль 2026 18:49:22 CEST] >> Triggered by: usb
[пт 10 июль 2026 18:49:22 CEST] >> Triggered by: usb
[пт 10 июль 2026 18:49:22 CEST] >> Triggered by: usb
[пт 10 июль 2026 18:49:22 CEST] >> Triggered by: usb
[пт 10 июль 2026 18:49:22 CEST] >> Triggered by: usb
[пт 10 июль 2026 18:49:22 CEST] >> Triggered by: usb
[пт 10 июль 2026 18:49:22 CEST] >> Triggered by: usb
[пт 10 июль 2026 18:49:22 CEST] >> Triggered by: usb
[пт 10 июль 2026 18:49:22 CEST] >> Triggered by: usb
[пт 10 июль 2026 18:49:22 CEST] >> Triggered by: usb
[пт 10 июль 2026 18:49:23 CEST] >> Queued task to init edge remote control manager for usb
[пт 10 июль 2026 18:49:23 CEST] >> Queued task to init edge remote control manager for usb
[пт 10 июль 2026 18:49:23 CEST] >> Queued task to init edge remote control manager for usb
[пт 10 июль 2026 18:49:23 CEST] >> Queued task to init edge remote control manager for usb
[пт 10 июль 2026 18:49:23 CEST] >> Queued task to init edge remote control manager for usb
[пт 10 июль 2026 18:49:23 CEST] >> Queued task to init edge remote control manager for usb
[пт 10 июль 2026 18:49:23 CEST] >> Triggered by: usb
[пт 10 июль 2026 18:49:23 CEST] >> Queued task to init edge remote control manager for usb
[пт 10 июль 2026 18:49:23 CEST] >> Triggered by: usb
[пт 10 июль 2026 18:49:23 CEST] >> Queued task to init edge remote control manager for usb
[пт 10 июль 2026 18:49:23 CEST] >> Queued task to init edge remote control manager for usb
[пт 10 июль 2026 18:49:23 CEST] >> Triggered by: usb
[пт 10 июль 2026 18:49:23 CEST] >> Triggered by: usb
[пт 10 июль 2026 18:49:23 CEST] >> Triggered by: usb
[пт 10 июль 2026 18:49:23 CEST] >> Triggered by: usb
[пт 10 июль 2026 18:49:23 CEST] >> Triggered by: usb
[пт 10 июль 2026 18:49:23 CEST] >> Triggered by: usb
[пт 10 июль 2026 18:49:24 CEST] >> Queued task to init edge remote control manager for usb
[пт 10 июль 2026 18:49:24 CEST] >> Triggered by: usb
[пт 10 июль 2026 18:49:24 CEST] >> Triggered by: usb
[пт 10 июль 2026 18:49:24 CEST] >> Triggered by: usb
[пт 10 июль 2026 18:49:24 CEST] >> Triggered by: usb
[пт 10 июль 2026 18:49:24 CEST] >> Triggered by: usb
[пт 10 июль 2026 18:49:24 CEST] >> Queued task to init edge remote control manager for usb
[пт 10 июль 2026 18:49:24 CEST] >> Queued task to init edge remote control manager for usb
[пт 10 июль 2026 18:49:24 CEST] >> Queued task to init edge remote control manager for usb
[пт 10 июль 2026 18:49:24 CEST] >> Queued task to init edge remote control manager for usb
[пт 10 июль 2026 18:49:24 CEST] >> Triggered by: usb
[пт 10 июль 2026 18:49:24 CEST] >> Triggered by: usb
[пт 10 июль 2026 18:49:24 CEST] >> Queued task to init edge remote control manager for usb
[пт 10 июль 2026 18:49:24 CEST] >> Queued task to init edge remote control manager for usb
[пт 10 июль 2026 18:49:25 CEST] >> Queued task to init edge remote control manager for usb
[пт 10 июль 2026 18:49:25 CEST] >> Queued task to init edge remote control manager for usb
[пт 10 июль 2026 18:49:25 CEST] >> Queued task to init edge remote control manager for usb
[пт 10 июль 2026 18:49:25 CEST] >> Queued task to init edge remote control manager for usb
[пт 10 июль 2026 18:49:25 CEST] >> Triggered by: usb
[пт 10 июль 2026 18:49:25 CEST] >> Triggered by: usb
[пт 10 июль 2026 18:49:25 CEST] >> Queued task to init edge remote control manager for usb
[пт 10 июль 2026 18:49:25 CEST] >> Queued task to init edge remote control manager for usb
[пт 10 июль 2026 18:49:25 CEST] >> Queued task to init edge remote control manager for usb
[пт 10 июль 2026 18:49:25 CEST] >> Queued task to init edge remote control manager for usb
[пт 10 июль 2026 18:49:25 CEST] >> Queued task to init edge remote control manager for usb
[пт 10 июль 2026 18:49:25 CEST] >> Queued task to init edge remote control manager for usb
[пт 10 июль 2026 18:49:25 CEST] >> Queued task to init edge remote control manager for usb
[пт 10 июль 2026 18:49:25 CEST] >> Triggered by: bt
[пт 10 июль 2026 18:49:26 CEST] >> Queued task to init edge remote control manager for bt
[пт 10 июль 2026 18:51:55 CEST] >> Triggered by: bt
[пт 10 июль 2026 18:51:55 CEST] >> Queued task to init edge remote control manager for bt
[пт 10 июль 2026 18:53:32 CEST] >> Triggered by: bt
[пт 10 июль 2026 18:53:34 CEST] >> Queued task to init edge remote control manager for bt
[пт 10 июль 2026 18:59:10 CEST] >> Triggered by: bt
[пт 10 июль 2026 18:59:11 CEST] >> Queued task to init edge remote control manager for bt
[пт 10 июль 2026 18:59:16 CEST] >> Warning: No ADB device found after 5s. Assuming non-Android edge node.
[пт 10 июль 2026 18:59:45 CEST] >> Triggered by: bt
[пт 10 июль 2026 18:59:46 CEST] >> Queued task to init edge remote control manager for bt
[пт 10 июль 2026 19:00:22 CEST] >> Triggered by: bt
[пт 10 июль 2026 19:00:22 CEST] >> Queued task to init edge remote control manager for bt
[пт 10 июль 2026 19:01:35 CEST] >> Triggered by: bt
[пт 10 июль 2026 19:01:35 CEST] >> Queued task to init edge remote control manager for bt
[пт 10 июль 2026 19:03:57 CEST] >> Triggered by: bt
[пт 10 июль 2026 19:03:57 CEST] >> Queued task to init edge remote control manager for bt
[пт 10 июль 2026 19:08:19 CEST] >> Triggered by: bt
[пт 10 июль 2026 19:08:19 CEST] >> Queued task to init edge remote control manager for bt
[пт 10 июль 2026 19:20:47 CEST] >> Triggered by: bt
[пт 10 июль 2026 19:20:47 CEST] >> Queued task to init edge remote control manager for bt
[пт 10 июль 2026 19:22:35 CEST] >> Triggered by: bt
[пт 10 июль 2026 19:22:35 CEST] >> Queued task to init edge remote control manager for bt
[пт 10 июль 2026 19:22:40 CEST] >> Warning: No ADB device found after 5s. Assuming non-Android edge node.
[пт 10 июль 2026 20:14:13 CEST] >> Triggered by: usb
[пт 10 июль 2026 20:14:13 CEST] >> Triggered by: usb
[пт 10 июль 2026 20:14:13 CEST] >> Queued task to init edge remote control manager for usb
[пт 10 июль 2026 20:14:13 CEST] >> Queued task to init edge remote control manager for usb
[пт 10 июль 2026 20:14:13 CEST] >> Triggered by: usb
[пт 10 июль 2026 20:14:13 CEST] >> Triggered by: usb
[пт 10 июль 2026 20:14:14 CEST] >> Queued task to init edge remote control manager for usb
[пт 10 июль 2026 20:14:14 CEST] >> Queued task to init edge remote control manager for usb
[пт 10 июль 2026 20:14:14 CEST] >> Triggered by: usb
[пт 10 июль 2026 20:14:14 CEST] >> Queued task to init edge remote control manager for usb
[пт 10 июль 2026 20:14:14 CEST] >> Triggered by: usb
[пт 10 июль 2026 20:14:14 CEST] >> Triggered by: usb
[пт 10 июль 2026 20:14:14 CEST] >> Triggered by: usb
[пт 10 июль 2026 20:14:14 CEST] >> Triggered by: usb
[пт 10 июль 2026 20:14:14 CEST] >> Queued task to init edge remote control manager for usb
[пт 10 июль 2026 20:14:14 CEST] >> Waiting for Android Biometric Auth...
[пт 10 июль 2026 20:14:14 CEST] >> Queued task to init edge remote control manager for usb
[пт 10 июль 2026 20:14:14 CEST] >> Auth failed or timeout. Access DENIED.
[пт 10 июль 2026 20:14:14 CEST] >> Waiting for Android Biometric Auth...
[пт 10 июль 2026 20:14:14 CEST] >> Queued task to init edge remote control manager for usb
[пт 10 июль 2026 20:14:14 CEST] >> Waiting for Android Biometric Auth...
[пт 10 июль 2026 20:14:14 CEST] >> Waiting for Android Biometric Auth...
[пт 10 июль 2026 20:14:14 CEST] >> Waiting for Android Biometric Auth...
[пт 10 июль 2026 20:14:14 CEST] >> Auth failed or timeout. Access DENIED.
[пт 10 июль 2026 20:14:15 CEST] >> Auth failed or timeout. Access DENIED.
[пт 10 июль 2026 20:14:15 CEST] >> Auth failed or timeout. Access DENIED.
[пт 10 июль 2026 20:14:15 CEST] >> Auth failed or timeout. Access DENIED.
[пт 10 июль 2026 20:14:15 CEST] >> Queued task to init edge remote control manager for usb
[пт 10 июль 2026 20:14:15 CEST] >> Waiting for Android Biometric Auth...
[пт 10 июль 2026 20:14:15 CEST] >> Auth failed or timeout. Access DENIED.
[пт 10 июль 2026 20:14:15 CEST] >> Waiting for Android Biometric Auth...
[пт 10 июль 2026 20:14:15 CEST] >> Auth failed or timeout. Access DENIED.
[пт 10 июль 2026 20:14:15 CEST] >> Waiting for Android Biometric Auth...
[пт 10 июль 2026 20:14:15 CEST] >> Auth failed or timeout. Access DENIED.
[пт 10 июль 2026 20:14:15 CEST] >> Waiting for Android Biometric Auth...
[пт 10 июль 2026 20:14:15 CEST] >> Auth failed or timeout. Access DENIED.
[пт 10 июль 2026 23:44:43 CEST] >> Triggered by: usb
[пт 10 июль 2026 23:44:43 CEST] >> Triggered by: usb
[пт 10 июль 2026 23:44:43 CEST] >> Queued task to init edge remote control manager for usb
[пт 10 июль 2026 23:44:43 CEST] >> Queued task to init edge remote control manager for usb
[пт 10 июль 2026 23:44:43 CEST] >> Triggered by: usb
[пт 10 июль 2026 23:44:43 CEST] >> Triggered by: usb
[пт 10 июль 2026 23:44:43 CEST] >> Queued task to init edge remote control manager for usb
[пт 10 июль 2026 23:44:43 CEST] >> Queued task to init edge remote control manager for usb
[пт 10 июль 2026 23:44:43 CEST] >> Triggered by: usb
[пт 10 июль 2026 23:44:43 CEST] >> Queued task to init edge remote control manager for usb
[пт 10 июль 2026 23:44:44 CEST] >> Triggered by: usb
[пт 10 июль 2026 23:44:44 CEST] >> Triggered by: usb
[пт 10 июль 2026 23:44:44 CEST] >> Triggered by: usb
[пт 10 июль 2026 23:44:44 CEST] >> Triggered by: usb
[пт 10 июль 2026 23:44:44 CEST] >> Queued task to init edge remote control manager for usb
[пт 10 июль 2026 23:44:44 CEST] >> Queued task to init edge remote control manager for usb
[пт 10 июль 2026 23:44:44 CEST] >> Queued task to init edge remote control manager for usb
[пт 10 июль 2026 23:44:44 CEST] >> Queued task to init edge remote control manager for usb
[пт 10 июль 2026 23:44:45 CEST] >> Triggered by: usb
[пт 10 июль 2026 23:44:45 CEST] >> Queued task to init edge remote control manager for usb
[пт 10 июль 2026 23:44:45 CEST] >> Triggered by: usb
[пт 10 июль 2026 23:44:45 CEST] >> Triggered by: usb
[пт 10 июль 2026 23:44:45 CEST] >> Triggered by: usb
[пт 10 июль 2026 23:44:45 CEST] >> Triggered by: usb
[пт 10 июль 2026 23:44:45 CEST] >> Waiting for Android Biometric Auth...
[пт 10 июль 2026 23:44:45 CEST] >> Waiting for Android Biometric Auth...
[пт 10 июль 2026 23:44:45 CEST] >> Waiting for Android Biometric Auth...
[пт 10 июль 2026 23:44:45 CEST] >> Waiting for Android Biometric Auth...
[пт 10 июль 2026 23:44:45 CEST] >> Queued task to init edge remote control manager for usb
[пт 10 июль 2026 23:44:45 CEST] >> Auth failed or timeout. Access DENIED.
[пт 10 июль 2026 23:44:45 CEST] >> Queued task to init edge remote control manager for usb
[пт 10 июль 2026 23:44:45 CEST] >> Waiting for Android Biometric Auth...
[пт 10 июль 2026 23:44:45 CEST] >> Auth failed or timeout. Access DENIED.
[пт 10 июль 2026 23:44:45 CEST] >> Auth failed or timeout. Access DENIED.
[пт 10 июль 2026 23:44:45 CEST] >> Waiting for Android Biometric Auth...
[пт 10 июль 2026 23:44:45 CEST] >> Waiting for Android Biometric Auth...
[пт 10 июль 2026 23:44:45 CEST] >> Auth failed or timeout. Access DENIED.
[пт 10 июль 2026 23:44:45 CEST] >> Waiting for Android Biometric Auth...
[пт 10 июль 2026 23:44:45 CEST] >> Queued task to init edge remote control manager for usb
[пт 10 июль 2026 23:44:45 CEST] >> Auth failed or timeout. Access DENIED.
[пт 10 июль 2026 23:44:45 CEST] >> Auth failed or timeout. Access DENIED.
[пт 10 июль 2026 23:44:45 CEST] >> Auth failed or timeout. Access DENIED.
[пт 10 июль 2026 23:44:45 CEST] >> Queued task to init edge remote control manager for usb
[пт 10 июль 2026 23:44:45 CEST] >> Auth failed or timeout. Access DENIED.
[пт 10 июль 2026 23:44:45 CEST] >> Waiting for Android Biometric Auth...
[пт 10 июль 2026 23:44:45 CEST] >> Auth failed or timeout. Access DENIED.
[пт 10 июль 2026 23:44:45 CEST] >> Waiting for Android Biometric Auth...
[пт 10 июль 2026 23:44:45 CEST] >> Waiting for Android Biometric Auth...
[пт 10 июль 2026 23:44:45 CEST] >> Auth failed or timeout. Access DENIED.
[пт 10 июль 2026 23:44:45 CEST] >> Auth failed or timeout. Access DENIED.
[пт 10 июль 2026 23:44:46 CEST] >> Waiting for Android Biometric Auth...
[пт 10 июль 2026 23:44:46 CEST] >> Auth failed or timeout. Access DENIED.
[пт 10 июль 2026 23:44:46 CEST] >> Waiting for Android Biometric Auth...
[пт 10 июль 2026 23:44:46 CEST] >> Waiting for Android Biometric Auth...
[пт 10 июль 2026 23:44:46 CEST] >> Auth failed or timeout. Access DENIED.
[пт 10 июль 2026 23:44:46 CEST] >> Auth failed or timeout. Access DENIED.
[пт 10 июль 2026 23:47:39 CEST] >> Triggered by: usb
[пт 10 июль 2026 23:47:40 CEST] >> Queued task to init edge remote control manager for usb
[пт 10 июль 2026 23:47:41 CEST] >> Triggered by: usb
[пт 10 июль 2026 23:47:41 CEST] >> Triggered by: usb
[пт 10 июль 2026 23:47:41 CEST] >> Triggered by: usb
[пт 10 июль 2026 23:47:41 CEST] >> Triggered by: usb
[пт 10 июль 2026 23:47:41 CEST] >> Triggered by: usb
[пт 10 июль 2026 23:47:41 CEST] >> Triggered by: usb
[пт 10 июль 2026 23:47:41 CEST] >> Triggered by: usb
[пт 10 июль 2026 23:47:41 CEST] >> Triggered by: usb
[пт 10 июль 2026 23:47:41 CEST] >> Triggered by: usb
[пт 10 июль 2026 23:47:41 CEST] >> Triggered by: usb
[пт 10 июль 2026 23:47:42 CEST] >> Queued task to init edge remote control manager for usb
[пт 10 июль 2026 23:47:42 CEST] >> Queued task to init edge remote control manager for usb
[пт 10 июль 2026 23:47:42 CEST] >> Queued task to init edge remote control manager for usb
[пт 10 июль 2026 23:47:42 CEST] >> Queued task to init edge remote control manager for usb
[пт 10 июль 2026 23:47:42 CEST] >> Triggered by: usb
[пт 10 июль 2026 23:47:42 CEST] >> Queued task to init edge remote control manager for usb
[пт 10 июль 2026 23:47:42 CEST] >> Queued task to init edge remote control manager for usb
[пт 10 июль 2026 23:47:42 CEST] >> Queued task to init edge remote control manager for usb
[пт 10 июль 2026 23:47:42 CEST] >> Queued task to init edge remote control manager for usb
[пт 10 июль 2026 23:47:42 CEST] >> Queued task to init edge remote control manager for usb
[пт 10 июль 2026 23:47:42 CEST] >> Queued task to init edge remote control manager for usb
[пт 10 июль 2026 23:47:42 CEST] >> Triggered by: usb
[пт 10 июль 2026 23:47:43 CEST] >> Triggered by: usb
[пт 10 июль 2026 23:47:43 CEST] >> Triggered by: usb
[пт 10 июль 2026 23:47:42 CEST] >> Triggered by: usb
[пт 10 июль 2026 23:47:43 CEST] >> Triggered by: usb
[пт 10 июль 2026 23:47:43 CEST] >> Triggered by: usb
[пт 10 июль 2026 23:47:43 CEST] >> Triggered by: usb
[пт 10 июль 2026 23:47:43 CEST] >> Triggered by: usb
[пт 10 июль 2026 23:47:43 CEST] >> Triggered by: usb
[пт 10 июль 2026 23:47:43 CEST] >> Triggered by: usb
[пт 10 июль 2026 23:47:43 CEST] >> Triggered by: usb
[пт 10 июль 2026 23:47:43 CEST] >> Triggered by: usb
[пт 10 июль 2026 23:47:43 CEST] >> Triggered by: usb
[пт 10 июль 2026 23:47:43 CEST] >> Queued task to init edge remote control manager for usb
[пт 10 июль 2026 23:47:43 CEST] >> Queued task to init edge remote control manager for usb
[пт 10 июль 2026 23:47:43 CEST] >> Triggered by: usb
[пт 10 июль 2026 23:47:43 CEST] >> Triggered by: usb
[пт 10 июль 2026 23:47:43 CEST] >> Queued task to init edge remote control manager for usb
[пт 10 июль 2026 23:47:43 CEST] >> Triggered by: usb
[пт 10 июль 2026 23:47:44 CEST] >> Triggered by: usb
[пт 10 июль 2026 23:47:44 CEST] >> Queued task to init edge remote control manager for usb
[пт 10 июль 2026 23:47:44 CEST] >> Queued task to init edge remote control manager for usb
[пт 10 июль 2026 23:47:44 CEST] >> Queued task to init edge remote control manager for usb
[пт 10 июль 2026 23:47:44 CEST] >> Queued task to init edge remote control manager for usb
[пт 10 июль 2026 23:47:44 CEST] >> Queued task to init edge remote control manager for usb
[пт 10 июль 2026 23:47:44 CEST] >> Queued task to init edge remote control manager for usb
[пт 10 июль 2026 23:47:45 CEST] >> Queued task to init edge remote control manager for usb
[пт 10 июль 2026 23:47:45 CEST] >> Queued task to init edge remote control manager for usb
[пт 10 июль 2026 23:47:45 CEST] >> Triggered by: usb
[пт 10 июль 2026 23:47:45 CEST] >> Triggered by: usb
[пт 10 июль 2026 23:47:45 CEST] >> Triggered by: usb
[пт 10 июль 2026 23:47:45 CEST] >> Queued task to init edge remote control manager for usb
[пт 10 июль 2026 23:47:45 CEST] >> Queued task to init edge remote control manager for usb
[пт 10 июль 2026 23:47:45 CEST] >> Queued task to init edge remote control manager for usb
[пт 10 июль 2026 23:47:45 CEST] >> Queued task to init edge remote control manager for usb
[пт 10 июль 2026 23:47:45 CEST] >> Queued task to init edge remote control manager for usb
[пт 10 июль 2026 23:47:45 CEST] >> Triggered by: usb
[пт 10 июль 2026 23:47:45 CEST] >> Queued task to init edge remote control manager for usb
[пт 10 июль 2026 23:47:45 CEST] >> Queued task to init edge remote control manager for usb
[пт 10 июль 2026 23:47:45 CEST] >> Queued task to init edge remote control manager for usb
[пт 10 июль 2026 23:47:45 CEST] >> Queued task to init edge remote control manager for usb
[пт 10 июль 2026 23:47:45 CEST] >> Queued task to init edge remote control manager for usb
[пт 10 июль 2026 23:47:45 CEST] >> Queued task to init edge remote control manager for usb
[пт 10 июль 2026 23:47:45 CEST] >> Triggered by: bt
[пт 10 июль 2026 23:47:46 CEST] >> Queued task to init edge remote control manager for bt
[пт 10 июль 2026 23:56:21 CEST] >> Triggered by: bt
[пт 10 июль 2026 23:56:21 CEST] >> Queued task to init edge remote control manager for bt
[пт 10 июль 2026 23:56:22 CEST] >> Waiting for Android Biometric Auth...
[пт 10 июль 2026 23:56:22 CEST] >> Auth failed or timeout. Access DENIED.
[пт 10 июль 2026 23:59:33 CEST] >> Triggered by: usb
[пт 10 июль 2026 23:59:34 CEST] >> Queued task to init edge remote control manager for usb
[пт 10 июль 2026 23:59:34 CEST] >> Triggered by: usb
[пт 10 июль 2026 23:59:34 CEST] >> Triggered by: usb
[пт 10 июль 2026 23:59:34 CEST] >> Triggered by: usb
[пт 10 июль 2026 23:59:34 CEST] >> Triggered by: usb
[пт 10 июль 2026 23:59:35 CEST] >> Queued task to init edge remote control manager for usb
[пт 10 июль 2026 23:59:35 CEST] >> Waiting for Android Biometric Auth...
[пт 10 июль 2026 23:59:35 CEST] >> Queued task to init edge remote control manager for usb
[пт 10 июль 2026 23:59:35 CEST] >> Waiting for Android Biometric Auth...
[пт 10 июль 2026 23:59:35 CEST] >> Auth failed or timeout. Access DENIED.
[пт 10 июль 2026 23:59:35 CEST] >> Auth failed or timeout. Access DENIED.
[пт 10 июль 2026 23:59:35 CEST] >> Queued task to init edge remote control manager for usb
[пт 10 июль 2026 23:59:35 CEST] >> Queued task to init edge remote control manager for usb
[пт 10 июль 2026 23:59:35 CEST] >> Waiting for Android Biometric Auth...
[пт 10 июль 2026 23:59:35 CEST] >> Waiting for Android Biometric Auth...
[пт 10 июль 2026 23:59:35 CEST] >> Waiting for Android Biometric Auth...
[пт 10 июль 2026 23:59:35 CEST] >> Auth failed or timeout. Access DENIED.
[пт 10 июль 2026 23:59:35 CEST] >> Auth failed or timeout. Access DENIED.
[пт 10 июль 2026 23:59:35 CEST] >> Auth failed or timeout. Access DENIED.
[пт 10 июль 2026 23:59:44 CEST] >> Triggered by: usb
[пт 10 июль 2026 23:59:44 CEST] >> Queued task to init edge remote control manager for usb
[пт 10 июль 2026 23:59:45 CEST] >> Triggered by: usb
[пт 10 июль 2026 23:59:45 CEST] >> Triggered by: usb
[пт 10 июль 2026 23:59:45 CEST] >> Triggered by: usb
[пт 10 июль 2026 23:59:45 CEST] >> Triggered by: usb
[пт 10 июль 2026 23:59:45 CEST] >> Queued task to init edge remote control manager for usb
[пт 10 июль 2026 23:59:45 CEST] >> Waiting for Android Biometric Auth...
[пт 10 июль 2026 23:59:45 CEST] >> Queued task to init edge remote control manager for usb
[пт 10 июль 2026 23:59:45 CEST] >> Waiting for Android Biometric Auth...
[пт 10 июль 2026 23:59:45 CEST] >> Queued task to init edge remote control manager for usb
[пт 10 июль 2026 23:59:45 CEST] >> Auth failed or timeout. Access DENIED.
[пт 10 июль 2026 23:59:46 CEST] >> Waiting for Android Biometric Auth...
[пт 10 июль 2026 23:59:46 CEST] >> Waiting for Android Biometric Auth...
[пт 10 июль 2026 23:59:46 CEST] >> Auth failed or timeout. Access DENIED.
[пт 10 июль 2026 23:59:46 CEST] >> Queued task to init edge remote control manager for usb
[пт 10 июль 2026 23:59:46 CEST] >> Auth failed or timeout. Access DENIED.
[пт 10 июль 2026 23:59:46 CEST] >> Auth failed or timeout. Access DENIED.
[пт 10 июль 2026 23:59:46 CEST] >> Waiting for Android Biometric Auth...
[пт 10 июль 2026 23:59:46 CEST] >> Auth failed or timeout. Access DENIED.
[пт 10 июль 2026 23:59:48 CEST] >> Triggered by: usb
[пт 10 июль 2026 23:59:48 CEST] >> Queued task to init edge remote control manager for usb
[пт 10 июль 2026 23:59:48 CEST] >> Triggered by: usb
[пт 10 июль 2026 23:59:48 CEST] >> Triggered by: usb
[пт 10 июль 2026 23:59:48 CEST] >> Triggered by: usb
[пт 10 июль 2026 23:59:48 CEST] >> Triggered by: usb
[пт 10 июль 2026 23:59:48 CEST] >> Queued task to init edge remote control manager for usb
[пт 10 июль 2026 23:59:49 CEST] >> Waiting for Android Biometric Auth...
[пт 10 июль 2026 23:59:49 CEST] >> Queued task to init edge remote control manager for usb
[пт 10 июль 2026 23:59:49 CEST] >> Queued task to init edge remote control manager for usb
[пт 10 июль 2026 23:59:49 CEST] >> Waiting for Android Biometric Auth...
[пт 10 июль 2026 23:59:49 CEST] >> Auth failed or timeout. Access DENIED.
[пт 10 июль 2026 23:59:49 CEST] >> Waiting for Android Biometric Auth...
[пт 10 июль 2026 23:59:49 CEST] >> Auth failed or timeout. Access DENIED.
[пт 10 июль 2026 23:59:49 CEST] >> Queued task to init edge remote control manager for usb
[пт 10 июль 2026 23:59:49 CEST] >> Auth failed or timeout. Access DENIED.
[пт 10 июль 2026 23:59:49 CEST] >> Waiting for Android Biometric Auth...
[пт 10 июль 2026 23:59:49 CEST] >> Waiting for Android Biometric Auth...
[пт 10 июль 2026 23:59:49 CEST] >> Auth failed or timeout. Access DENIED.
[пт 10 июль 2026 23:59:49 CEST] >> Auth failed or timeout. Access DENIED.
[пт 10 июль 2026 23:59:55 CEST] >> Triggered by: usb
[пт 10 июль 2026 23:59:55 CEST] >> Queued task to init edge remote control manager for usb
[пт 10 июль 2026 23:59:55 CEST] >> Triggered by: usb
[пт 10 июль 2026 23:59:55 CEST] >> Triggered by: usb
[пт 10 июль 2026 23:59:55 CEST] >> Triggered by: usb
[пт 10 июль 2026 23:59:55 CEST] >> Triggered by: usb
[пт 10 июль 2026 23:59:56 CEST] >> Queued task to init edge remote control manager for usb
[пт 10 июль 2026 23:59:56 CEST] >> Queued task to init edge remote control manager for usb
[пт 10 июль 2026 23:59:56 CEST] >> Queued task to init edge remote control manager for usb
[пт 10 июль 2026 23:59:56 CEST] >> Queued task to init edge remote control manager for usb
[пт 10 июль 2026 23:59:56 CEST] >> Waiting for Android Biometric Auth...
[пт 10 июль 2026 23:59:56 CEST] >> Auth failed or timeout. Access DENIED.
[пт 10 июль 2026 23:59:57 CEST] >> Waiting for Android Biometric Auth...
[пт 10 июль 2026 23:59:57 CEST] >> Auth failed or timeout. Access DENIED.
[пт 10 июль 2026 23:59:57 CEST] >> Waiting for Android Biometric Auth...
[пт 10 июль 2026 23:59:57 CEST] >> Waiting for Android Biometric Auth...
[пт 10 июль 2026 23:59:57 CEST] >> Auth failed or timeout. Access DENIED.
[пт 10 июль 2026 23:59:57 CEST] >> Auth failed or timeout. Access DENIED.
[пт 10 июль 2026 23:59:57 CEST] >> Waiting for Android Biometric Auth...
[пт 10 июль 2026 23:59:57 CEST] >> Auth failed or timeout. Access DENIED.
[сб 11 июль 2026 01:16:15 CEST] >> Triggered by: usb
[сб 11 июль 2026 01:16:15 CEST] >> Queued task to init edge remote control manager for usb
[сб 11 июль 2026 01:16:15 CEST] >> Waiting for Android Biometric Auth...
[сб 11 июль 2026 01:16:15 CEST] >> Triggered by: usb
[сб 11 июль 2026 01:16:15 CEST] >> Auth failed or timeout. Access DENIED.
[сб 11 июль 2026 01:16:15 CEST] >> Queued task to init edge remote control manager for usb
[сб 11 июль 2026 01:16:15 CEST] >> Waiting for Android Biometric Auth...
[сб 11 июль 2026 01:16:15 CEST] >> Auth failed or timeout. Access DENIED.
[вс 12 июль 2026 00:13:13 CEST] >> Triggered by: bt
[вс 12 июль 2026 00:13:14 CEST] >> Queued task to init edge remote control manager for bt
[вс 12 июль 2026 00:28:45 CEST] >> Triggered by: bt
[вс 12 июль 2026 00:28:46 CEST] >> Queued task to init edge remote control manager for bt
[вс 12 июль 2026 00:28:51 CEST] >> Warning: No ADB device found after 5s. Assuming non-Android edge node.
[вс 12 июль 2026 06:17:55 CEST] >> Triggered by: bt
[вс 12 июль 2026 06:17:56 CEST] >> Queued task to init edge remote control manager for bt
[вс 12 июль 2026 06:18:01 CEST] >> Warning: No ADB device found after 5s. Assuming non-Android edge node.
[пн 13 июль 2026 12:31:31 CEST] >> Triggered by: bt
[пн 13 июль 2026 12:31:32 CEST] >> Queued task to init edge remote control manager for bt
[пн 13 июль 2026 23:13:16 CEST] >> Triggered by: bt
[пн 13 июль 2026 23:13:16 CEST] >> Queued task to init edge remote control manager for bt
[пн 13 июль 2026 23:14:38 CEST] >> Triggered by: usb
[пн 13 июль 2026 23:14:38 CEST] >> Queued task to init edge remote control manager for usb
[пн 13 июль 2026 23:14:38 CEST] >> Triggered by: usb
[пн 13 июль 2026 23:14:38 CEST] >> Queued task to init edge remote control manager for usb
[пн 13 июль 2026 23:14:43 CEST] >> Warning: No ADB device found after 5s. Assuming non-Android edge node.
[пн 13 июль 2026 23:14:43 CEST] >> Warning: No ADB device found after 5s. Assuming non-Android edge node.
[пн 13 июль 2026 23:14:47 CEST] >> Triggered by: usb
[пн 13 июль 2026 23:14:47 CEST] >> Queued task to init edge remote control manager for usb
[пн 13 июль 2026 23:14:47 CEST] >> Triggered by: usb
[пн 13 июль 2026 23:14:47 CEST] >> Triggered by: usb
[пн 13 июль 2026 23:14:47 CEST] >> Triggered by: usb
[пн 13 июль 2026 23:14:47 CEST] >> Triggered by: usb
[пн 13 июль 2026 23:14:48 CEST] >> Queued task to init edge remote control manager for usb
[пн 13 июль 2026 23:14:48 CEST] >> Queued task to init edge remote control manager for usb
[пн 13 июль 2026 23:14:48 CEST] >> Queued task to init edge remote control manager for usb
[пн 13 июль 2026 23:14:48 CEST] >> Queued task to init edge remote control manager for usb
[пн 13 июль 2026 23:14:52 CEST] >> Warning: No ADB device found after 5s. Assuming non-Android edge node.
[пн 13 июль 2026 23:14:53 CEST] >> Warning: No ADB device found after 5s. Assuming non-Android edge node.
[пн 13 июль 2026 23:14:53 CEST] >> Warning: No ADB device found after 5s. Assuming non-Android edge node.
[пн 13 июль 2026 23:14:53 CEST] >> Warning: No ADB device found after 5s. Assuming non-Android edge node.
[пн 13 июль 2026 23:14:53 CEST] >> Warning: No ADB device found after 5s. Assuming non-Android edge node.
[пн 13 июль 2026 23:16:09 CEST] >> Triggered by: usb
[пн 13 июль 2026 23:16:09 CEST] >> Queued task to init edge remote control manager for usb
[пн 13 июль 2026 23:16:09 CEST] >> Triggered by: usb
[пн 13 июль 2026 23:16:09 CEST] >> Queued task to init edge remote control manager for usb
[пн 13 июль 2026 23:16:14 CEST] >> Warning: No ADB device found after 5s. Assuming non-Android edge node.
[пн 13 июль 2026 23:16:14 CEST] >> Warning: No ADB device found after 5s. Assuming non-Android edge node.
[пн 13 июль 2026 23:16:15 CEST] >> Triggered by: usb
[пн 13 июль 2026 23:16:15 CEST] >> Triggered by: usb
[пн 13 июль 2026 23:16:15 CEST] >> Queued task to init edge remote control manager for usb
[пн 13 июль 2026 23:16:15 CEST] >> Queued task to init edge remote control manager for usb
[пн 13 июль 2026 23:16:15 CEST] >> Triggered by: usb
[пн 13 июль 2026 23:16:16 CEST] >> Triggered by: usb
[пн 13 июль 2026 23:16:16 CEST] >> Queued task to init edge remote control manager for usb
[пн 13 июль 2026 23:16:16 CEST] >> Queued task to init edge remote control manager for usb
[пн 13 июль 2026 23:16:16 CEST] >> Triggered by: usb
[пн 13 июль 2026 23:16:16 CEST] >> Queued task to init edge remote control manager for usb
[пн 13 июль 2026 23:16:16 CEST] >> Triggered by: usb
[пн 13 июль 2026 23:16:16 CEST] >> Triggered by: usb
[пн 13 июль 2026 23:16:16 CEST] >> Triggered by: usb
[пн 13 июль 2026 23:16:16 CEST] >> Triggered by: usb
[пн 13 июль 2026 23:16:16 CEST] >> Queued task to init edge remote control manager for usb
[пн 13 июль 2026 23:16:16 CEST] >> Queued task to init edge remote control manager for usb
[пн 13 июль 2026 23:16:16 CEST] >> Waiting for Android Biometric Auth...
[пн 13 июль 2026 23:16:17 CEST] >> Queued task to init edge remote control manager for usb
[пн 13 июль 2026 23:16:17 CEST] >> Waiting for Android Biometric Auth...
[пн 13 июль 2026 23:16:17 CEST] >> Queued task to init edge remote control manager for usb
[пн 13 июль 2026 23:16:17 CEST] >> Waiting for Android Biometric Auth...
[пн 13 июль 2026 23:16:17 CEST] >> Waiting for Android Biometric Auth...
[пн 13 июль 2026 23:16:17 CEST] >> Waiting for Android Biometric Auth...
[пн 13 июль 2026 23:16:17 CEST] >> Auth failed or timeout. Access DENIED.
[пн 13 июль 2026 23:16:17 CEST] >> Auth failed or timeout. Access DENIED.
[пн 13 июль 2026 23:16:17 CEST] >> Auth failed or timeout. Access DENIED.
[пн 13 июль 2026 23:16:17 CEST] >> Waiting for Android Biometric Auth...
[пн 13 июль 2026 23:16:17 CEST] >> Auth failed or timeout. Access DENIED.
[пн 13 июль 2026 23:16:17 CEST] >> Auth failed or timeout. Access DENIED.
[пн 13 июль 2026 23:16:17 CEST] >> Auth failed or timeout. Access DENIED.
[пн 13 июль 2026 23:16:17 CEST] >> Waiting for Android Biometric Auth...
[пн 13 июль 2026 23:16:17 CEST] >> Auth failed or timeout. Access DENIED.
[пн 13 июль 2026 23:16:17 CEST] >> Waiting for Android Biometric Auth...
[пн 13 июль 2026 23:16:17 CEST] >> Auth failed or timeout. Access DENIED.
[пн 13 июль 2026 23:16:17 CEST] >> Waiting for Android Biometric Auth...
[пн 13 июль 2026 23:16:17 CEST] >> Auth failed or timeout. Access DENIED.
[пн 13 июль 2026 23:16:56 CEST] >> Triggered by: usb
[пн 13 июль 2026 23:16:56 CEST] >> Queued task to init edge remote control manager for usb
[пн 13 июль 2026 23:16:56 CEST] >> Waiting for Android Biometric Auth...
[пн 13 июль 2026 23:16:56 CEST] >> Triggered by: usb
[пн 13 июль 2026 23:16:56 CEST] >> Auth failed or timeout. Access DENIED.
[пн 13 июль 2026 23:16:57 CEST] >> Queued task to init edge remote control manager for usb
[пн 13 июль 2026 23:16:57 CEST] >> Waiting for Android Biometric Auth...
[пн 13 июль 2026 23:16:57 CEST] >> Auth failed or timeout. Access DENIED.
                                                                                                                                                                                                                                                                                                                                                                                                                                                                                                                                                                                                                                                                                                                                                                                                                                                                                                                                                                                                                                                                                                                                                                                                                                                                                                                                                                                                      [вт 14 июль 2026 00:37:11 CEST] >> Triggered by: usb
[вт 14 июль 2026 00:37:11 CEST] >> Triggered by: usb
[вт 14 июль 2026 00:37:11 CEST] >> Queued task to init edge remote control manager for usb
[вт 14 июль 2026 00:37:11 CEST] >> Queued task to init edge remote control manager for usb
[вт 14 июль 2026 00:37:11 CEST] >> Triggered by: usb
[вт 14 июль 2026 00:37:11 CEST] >> Triggered by: usb
[вт 14 июль 2026 00:37:11 CEST] >> Triggered by: usb
[вт 14 июль 2026 00:37:11 CEST] >> Triggered by: usb
[вт 14 июль 2026 00:37:11 CEST] >> Triggered by: usb
[вт 14 июль 2026 00:37:12 CEST] >> Queued task to init edge remote control manager for usb
[вт 14 июль 2026 00:37:12 CEST] >> Queued task to init edge remote control manager for usb
[вт 14 июль 2026 00:37:12 CEST] >> Queued task to init edge remote control manager for usb
[вт 14 июль 2026 00:37:12 CEST] >> Queued task to init edge remote control manager for usb
[вт 14 июль 2026 00:37:12 CEST] >> Triggered by: usb
[вт 14 июль 2026 00:37:12 CEST] >> Triggered by: usb
[вт 14 июль 2026 00:37:12 CEST] >> Queued task to init edge remote control manager for usb
[вт 14 июль 2026 00:37:12 CEST] >> Triggered by: usb
[вт 14 июль 2026 00:37:12 CEST] >> Triggered by: usb
[вт 14 июль 2026 00:37:12 CEST] >> Queued task to init edge remote control manager for usb
[вт 14 июль 2026 00:37:12 CEST] >> Triggered by: usb
[вт 14 июль 2026 00:37:12 CEST] >> Triggered by: usb
[вт 14 июль 2026 00:37:12 CEST] >> Triggered by: usb
[вт 14 июль 2026 00:37:12 CEST] >> Triggered by: usb
[вт 14 июль 2026 00:37:12 CEST] >> Queued task to init edge remote control manager for usb
[вт 14 июль 2026 00:37:12 CEST] >> Queued task to init edge remote control manager for usb
[вт 14 июль 2026 00:37:12 CEST] >> Queued task to init edge remote control manager for usb
[вт 14 июль 2026 00:37:12 CEST] >> Queued task to init edge remote control manager for usb
[вт 14 июль 2026 00:37:12 CEST] >> Triggered by: bt
[вт 14 июль 2026 00:37:13 CEST] >> Queued task to init edge remote control manager for usb
[вт 14 июль 2026 00:37:13 CEST] >> Queued task to init edge remote control manager for usb
[вт 14 июль 2026 00:37:13 CEST] >> Queued task to init edge remote control manager for usb
[вт 14 июль 2026 00:37:13 CEST] >> Queued task to init edge remote control manager for bt
[вт 14 июль 2026 00:38:51 CEST] >> Triggered by: bt
[вт 14 июль 2026 00:38:51 CEST] >> Queued task to init edge remote control manager for bt
[вт 14 июль 2026 00:38:57 CEST] >> Warning: No ADB device found after 5s. Assuming non-Android edge node.
[вт 14 июль 2026 00:39:17 CEST] >> Triggered by: bt
[вт 14 июль 2026 00:39:18 CEST] >> Queued task to init edge remote control manager for bt
[вт 14 июль 2026 00:39:23 CEST] >> Warning: No ADB device found after 5s. Assuming non-Android edge node.
[вт 14 июль 2026 00:39:41 CEST] >> Triggered by: bt
[вт 14 июль 2026 00:39:41 CEST] >> Queued task to init edge remote control manager for bt
[вт 14 июль 2026 00:39:47 CEST] >> Warning: No ADB device found after 5s. Assuming non-Android edge node.
[вт 14 июль 2026 00:40:03 CEST] >> Triggered by: bt
[вт 14 июль 2026 00:40:03 CEST] >> Queued task to init edge remote control manager for bt
[вт 14 июль 2026 00:40:08 CEST] >> Warning: No ADB device found after 5s. Assuming non-Android edge node.
[вт 14 июль 2026 00:40:27 CEST] >> Triggered by: bt
[вт 14 июль 2026 00:40:28 CEST] >> Queued task to init edge remote control manager for bt
[вт 14 июль 2026 00:40:33 CEST] >> Warning: No ADB device found after 5s. Assuming non-Android edge node.
[вт 14 июль 2026 00:40:54 CEST] >> Triggered by: bt
[вт 14 июль 2026 00:40:54 CEST] >> Queued task to init edge remote control manager for bt
[вт 14 июль 2026 00:40:59 CEST] >> Warning: No ADB device found after 5s. Assuming non-Android edge node.
[вт 14 июль 2026 00:41:20 CEST] >> Triggered by: bt
[вт 14 июль 2026 00:41:20 CEST] >> Queued task to init edge remote control manager for bt
[вт 14 июль 2026 00:41:25 CEST] >> Warning: No ADB device found after 5s. Assuming non-Android edge node.
[вт 14 июль 2026 00:41:39 CEST] >> Triggered by: bt
[вт 14 июль 2026 00:41:39 CEST] >> Queued task to init edge remote control manager for bt
[вт 14 июль 2026 00:41:44 CEST] >> Warning: No ADB device found after 5s. Assuming non-Android edge node.
[вт 14 июль 2026 00:42:03 CEST] >> Triggered by: bt
[вт 14 июль 2026 00:42:03 CEST] >> Queued task to init edge remote control manager for bt
[вт 14 июль 2026 00:42:08 CEST] >> Warning: No ADB device found after 5s. Assuming non-Android edge node.
[вт 14 июль 2026 00:42:27 CEST] >> Triggered by: bt
[вт 14 июль 2026 00:42:28 CEST] >> Queued task to init edge remote control manager for bt
[вт 14 июль 2026 00:42:33 CEST] >> Warning: No ADB device found after 5s. Assuming non-Android edge node.
[вт 14 июль 2026 00:42:50 CEST] >> Triggered by: bt
[вт 14 июль 2026 00:42:51 CEST] >> Queued task to init edge remote control manager for bt
[вт 14 июль 2026 00:42:56 CEST] >> Warning: No ADB device found after 5s. Assuming non-Android edge node.
[вт 14 июль 2026 00:43:15 CEST] >> Triggered by: bt
[вт 14 июль 2026 00:43:15 CEST] >> Queued task to init edge remote control manager for bt
[вт 14 июль 2026 00:43:20 CEST] >> Warning: No ADB device found after 5s. Assuming non-Android edge node.
[вт 14 июль 2026 00:43:39 CEST] >> Triggered by: bt
[вт 14 июль 2026 00:43:39 CEST] >> Queued task to init edge remote control manager for bt
[вт 14 июль 2026 00:43:44 CEST] >> Warning: No ADB device found after 5s. Assuming non-Android edge node.
[вт 14 июль 2026 00:44:03 CEST] >> Triggered by: bt
[вт 14 июль 2026 00:44:03 CEST] >> Queued task to init edge remote control manager for bt
[вт 14 июль 2026 00:44:08 CEST] >> Warning: No ADB device found after 5s. Assuming non-Android edge node.
[вт 14 июль 2026 00:44:28 CEST] >> Triggered by: bt
[вт 14 июль 2026 00:44:28 CEST] >> Queued task to init edge remote control manager for bt
[вт 14 июль 2026 00:44:33 CEST] >> Warning: No ADB device found after 5s. Assuming non-Android edge node.
[вт 14 июль 2026 00:44:56 CEST] >> Triggered by: bt
[вт 14 июль 2026 00:44:56 CEST] >> Queued task to init edge remote control manager for bt
[вт 14 июль 2026 00:45:01 CEST] >> Warning: No ADB device found after 5s. Assuming non-Android edge node.
[вт 14 июль 2026 00:45:15 CEST] >> Triggered by: bt
[вт 14 июль 2026 00:45:15 CEST] >> Queued task to init edge remote control manager for bt
[вт 14 июль 2026 00:45:20 CEST] >> Warning: No ADB device found after 5s. Assuming non-Android edge node.
[вт 14 июль 2026 00:45:27 CEST] >> Triggered by: bt
[вт 14 июль 2026 00:45:27 CEST] >> Queued task to init edge remote control manager for bt
[вт 14 июль 2026 00:45:32 CEST] >> Warning: No ADB device found after 5s. Assuming non-Android edge node.
[вт 14 июль 2026 00:45:39 CEST] >> Triggered by: bt
[вт 14 июль 2026 00:45:39 CEST] >> Queued task to init edge remote control manager for bt
[вт 14 июль 2026 00:45:44 CEST] >> Warning: No ADB device found after 5s. Assuming non-Android edge node.
[вт 14 июль 2026 00:45:52 CEST] >> Triggered by: usb
[вт 14 июль 2026 00:45:52 CEST] >> Queued task to init edge remote control manager for usb
[вт 14 июль 2026 00:45:52 CEST] >> Triggered by: usb
[вт 14 июль 2026 00:45:52 CEST] >> Triggered by: usb
[вт 14 июль 2026 00:45:52 CEST] >> Queued task to init edge remote control manager for usb
[вт 14 июль 2026 00:45:52 CEST] >> Queued task to init edge remote control manager for usb
[вт 14 июль 2026 00:45:52 CEST] >> Triggered by: bt
[вт 14 июль 2026 00:45:52 CEST] >> Queued task to init edge remote control manager for bt
[вт 14 июль 2026 00:45:57 CEST] >> Warning: No ADB device found after 5s. Assuming non-Android edge node.
[вт 14 июль 2026 00:45:57 CEST] >> Warning: No ADB device found after 5s. Assuming non-Android edge node.
[вт 14 июль 2026 00:45:57 CEST] >> Warning: No ADB device found after 5s. Assuming non-Android edge node.
[вт 14 июль 2026 00:45:57 CEST] >> Warning: No ADB device found after 5s. Assuming non-Android edge node.
[вт 14 июль 2026 00:45:59 CEST] >> Triggered by: usb
[вт 14 июль 2026 00:45:59 CEST] >> Queued task to init edge remote control manager for usb
[вт 14 июль 2026 00:45:59 CEST] >> Triggered by: usb
[вт 14 июль 2026 00:45:59 CEST] >> Triggered by: usb
[вт 14 июль 2026 00:45:59 CEST] >> Queued task to init edge remote control manager for usb
[вт 14 июль 2026 00:45:59 CEST] >> Queued task to init edge remote control manager for usb
[вт 14 июль 2026 00:45:59 CEST] >> Triggered by: bt
[вт 14 июль 2026 00:45:59 CEST] >> Queued task to init edge remote control manager for bt
[вт 14 июль 2026 00:46:03 CEST] >> Triggered by: bt
[вт 14 июль 2026 00:46:04 CEST] >> Queued task to init edge remote control manager for bt
[вт 14 июль 2026 00:46:04 CEST] >> Warning: No ADB device found after 5s. Assuming non-Android edge node.
[вт 14 июль 2026 00:46:04 CEST] >> Warning: No ADB device found after 5s. Assuming non-Android edge node.
[вт 14 июль 2026 00:46:04 CEST] >> Warning: No ADB device found after 5s. Assuming non-Android edge node.
[вт 14 июль 2026 00:46:04 CEST] >> Warning: No ADB device found after 5s. Assuming non-Android edge node.
[вт 14 июль 2026 00:46:05 CEST] >> Triggered by: bt
[вт 14 июль 2026 00:46:05 CEST] >> Queued task to init edge remote control manager for bt
[вт 14 июль 2026 00:46:09 CEST] >> Warning: No ADB device found after 5s. Assuming non-Android edge node.
[вт 14 июль 2026 00:46:10 CEST] >> Warning: No ADB device found after 5s. Assuming non-Android edge node.
[вт 14 июль 2026 00:46:18 CEST] >> Triggered by: bt
[вт 14 июль 2026 00:46:18 CEST] >> Queued task to init edge remote control manager for bt
[вт 14 июль 2026 00:46:23 CEST] >> Warning: No ADB device found after 5s. Assuming non-Android edge node.
[вт 14 июль 2026 00:46:24 CEST] >> Triggered by: bt
[вт 14 июль 2026 00:46:24 CEST] >> Queued task to init edge remote control manager for bt
[вт 14 июль 2026 00:46:28 CEST] >> Triggered by: bt
[вт 14 июль 2026 00:46:29 CEST] >> Queued task to init edge remote control manager for bt
[вт 14 июль 2026 00:46:29 CEST] >> Warning: No ADB device found after 5s. Assuming non-Android edge node.
[вт 14 июль 2026 00:46:34 CEST] >> Warning: No ADB device found after 5s. Assuming non-Android edge node.
[вт 14 июль 2026 00:46:41 CEST] >> Triggered by: bt
[вт 14 июль 2026 00:46:41 CEST] >> Queued task to init edge remote control manager for bt
[вт 14 июль 2026 00:46:46 CEST] >> Warning: No ADB device found after 5s. Assuming non-Android edge node.
[вт 14 июль 2026 00:46:48 CEST] >> Triggered by: bt
[вт 14 июль 2026 00:46:49 CEST] >> Queued task to init edge remote control manager for bt
[вт 14 июль 2026 00:46:54 CEST] >> Warning: No ADB device found after 5s. Assuming non-Android edge node.
[вт 14 июль 2026 00:47:01 CEST] >> Triggered by: usb
[вт 14 июль 2026 00:47:01 CEST] >> Queued task to init edge remote control manager for usb
[вт 14 июль 2026 00:47:01 CEST] >> Triggered by: usb
[вт 14 июль 2026 00:47:01 CEST] >> Triggered by: usb
[вт 14 июль 2026 00:47:02 CEST] >> Queued task to init edge remote control manager for usb
[вт 14 июль 2026 00:47:02 CEST] >> Queued task to init edge remote control manager for usb
[вт 14 июль 2026 00:47:02 CEST] >> Triggered by: bt
[вт 14 июль 2026 00:47:02 CEST] >> Queued task to init edge remote control manager for bt
[вт 14 июль 2026 00:47:06 CEST] >> Warning: No ADB device found after 5s. Assuming non-Android edge node.
[вт 14 июль 2026 00:47:07 CEST] >> Warning: No ADB device found after 5s. Assuming non-Android edge node.
[вт 14 июль 2026 00:47:07 CEST] >> Warning: No ADB device found after 5s. Assuming non-Android edge node.
[вт 14 июль 2026 00:47:07 CEST] >> Warning: No ADB device found after 5s. Assuming non-Android edge node.
[вт 14 июль 2026 00:47:11 CEST] >> Triggered by: bt
[вт 14 июль 2026 00:47:11 CEST] >> Queued task to init edge remote control manager for bt
[вт 14 июль 2026 00:47:16 CEST] >> Warning: No ADB device found after 5s. Assuming non-Android edge node.
[вт 14 июль 2026 00:47:35 CEST] >> Triggered by: usb
[вт 14 июль 2026 00:47:35 CEST] >> Queued task to init edge remote control manager for usb
[вт 14 июль 2026 00:47:35 CEST] >> Triggered by: usb
[вт 14 июль 2026 00:47:35 CEST] >> Triggered by: usb
[вт 14 июль 2026 00:47:35 CEST] >> Queued task to init edge remote control manager for usb
[вт 14 июль 2026 00:47:35 CEST] >> Queued task to init edge remote control manager for usb
[вт 14 июль 2026 00:47:35 CEST] >> Triggered by: bt
[вт 14 июль 2026 00:47:35 CEST] >> Queued task to init edge remote control manager for bt
[вт 14 июль 2026 00:47:40 CEST] >> Warning: No ADB device found after 5s. Assuming non-Android edge node.
[вт 14 июль 2026 00:47:40 CEST] >> Warning: No ADB device found after 5s. Assuming non-Android edge node.
[вт 14 июль 2026 00:47:40 CEST] >> Warning: No ADB device found after 5s. Assuming non-Android edge node.
[вт 14 июль 2026 00:47:40 CEST] >> Warning: No ADB device found after 5s. Assuming non-Android edge node.
[вт 14 июль 2026 00:47:53 CEST] >> Triggered by: usb
[вт 14 июль 2026 00:47:53 CEST] >> Queued task to init edge remote control manager for usb
[вт 14 июль 2026 00:47:53 CEST] >> Triggered by: usb
[вт 14 июль 2026 00:47:53 CEST] >> Triggered by: usb
[вт 14 июль 2026 00:47:53 CEST] >> Queued task to init edge remote control manager for usb
[вт 14 июль 2026 00:47:53 CEST] >> Queued task to init edge remote control manager for usb
[вт 14 июль 2026 00:47:54 CEST] >> Triggered by: bt
[вт 14 июль 2026 00:47:54 CEST] >> Queued task to init edge remote control manager for bt
[вт 14 июль 2026 00:47:58 CEST] >> Warning: No ADB device found after 5s. Assuming non-Android edge node.
[вт 14 июль 2026 00:47:59 CEST] >> Warning: No ADB device found after 5s. Assuming non-Android edge node.
[вт 14 июль 2026 00:47:59 CEST] >> Warning: No ADB device found after 5s. Assuming non-Android edge node.
[вт 14 июль 2026 00:47:59 CEST] >> Warning: No ADB device found after 5s. Assuming non-Android edge node.
[вт 14 июль 2026 00:48:01 CEST] >> Triggered by: bt
[вт 14 июль 2026 00:48:01 CEST] >> Queued task to init edge remote control manager for bt
[вт 14 июль 2026 00:48:04 CEST] >> Triggered by: bt
[вт 14 июль 2026 00:48:04 CEST] >> Queued task to init edge remote control manager for bt
[вт 14 июль 2026 00:48:06 CEST] >> Warning: No ADB device found after 5s. Assuming non-Android edge node.
[вт 14 июль 2026 00:48:10 CEST] >> Warning: No ADB device found after 5s. Assuming non-Android edge node.
